137
976 20
70061 92649 40726 61758 25452 27399 1581 96395 61575 3121 7768 69105 20915 79713 3485 84408 78129 2565 89648 84913 
5006 20
30427 39830 18289 76702 50106 6050 95257 25614 54828 21514 64415 35815 12938 57867 43268 54408 46101 68314 53649 91079 
5017 20
6203 90077 33319 31031 54423 62360 85280 33967 17889 20467 4551 27933 90889 4919 97297 8655 1990 4977 71607 46805 
5060 20
51808 42848 93882 93135 6748 43886 90078 60166 80635 5710 99538 5821 8671 7655 90212 42640 81536 30432 99827 73157 
4951 20
28703 47056 84586 83976 81802 58531 80866 17051 4648 9077 68640 79988 54317 97325 60946 17168 99435 60464 94786 96872 
972 20
22442 67802 42783 71103 60423 43377 47495 15185 17859 35199 41005 2497 90445 67061 23737 2389 54586 55508 27474 16153 
5108 20
49875 38650 22017 23862 34110 81021 33685 64238 32043 85404 14232 44397 18639 94578 57384 35036 79332 12918 64626 59575 
967 20
93616 3996 99173 70236 1090 2449 16331 5029 29897 68912 21624 8565 95264 84364 63556 49327 59856 10985 18287 5350 
4831 20
16025 78637 63014 86158 11270 58898 5625 52585 82923 43605 5375 69389 76124 79371 85669 56014 16062 29648 92101 80494 
4750 20
88763 5762 71773 33987 65542 89323 83605 59189 12153 96351 42356 68822 58125 27589 37214 20032 38488 54443 36626 37091 
4783 20
48095 73406 75865 14171 81603 95122 94687 33280 12375 51402 2668 34503 19331 32084 89381 87516 66461 78493 90693 87037 
4793 20
20555 79808 9825 47936 5698 64374 3087 82509 67811 75671 95901 59492 29938 43560 6033 4243 961 18215 61912 46678 
4813 20
79227 80938 4381 44893 61968 56513 33887 33141 46409 40613 81110 94508 1619 4925 80961 48889 53605 92336 80023 70504 
4853 20
39635 29828 40259 28220 9809 27704 91163 2315 83369 6597 81512 58170 81420 21349 87178 74221 80141 45076 51385 82652 
4855 20
74976 61253 1671 44135 96302 85241 66955 21275 51015 46226 96900 50795 27092 48909 68090 42704 54726 61824 60112 49002 
4863 20
84737 95228 2632 46266 14433 7020 21759 45776 23304 83980 62723 16770 89245 99373 15612 99144 79209 45500 55508 88676 
4874 20
53547 73012 43487 4103 39467 55639 31795 48258 88018 89396 38081 75091 3213 25801 50172 87722 98302 87354 8489 40733 
1013 20
79547 74588 70292 91133 41999 48286 94464 78045 89238 29253 9821 11233 94765 7462 23742 9411 42144 91386 97815 66255 
4933 20
14509 20475 23819 79686 20954 92209 8786 23748 93439 94648 84850 79794 17651 38428 26349 26933 12876 1839 67725 39705 
4938 20
51973 78429 1015 83616 96512 84557 3511 61107 79391 88649 68451 18616 9815 75362 14537 81378 68058 25904 78176 63177 
5443 20
8409 28492 49078 46542 90395 73442 13980 70499 47444 89181 30073 33542 43420 50373 78365 75229 89835 58576 58570 84356 
5371 20
88714 27757 49611 44981 30254 92326 13317 92824 6973 19200 64207 148 36848 59805 70107 62941 76146 67048 16987 17832 
5387 20
28799 55566 82531 92732 79307 367 25220 7167 31591 41478 63514 73041 7927 59020 18480 55447 173 96791 5901 9852 
5398 20
45392 69922 76730 32884 65759 93715 66277 4717 42182 28739 72619 87422 72042 820 12642 51361 90563 10430 26948 39822 
909 20
75877 53707 24854 65927 68062 23621 89774 94417 42366 3975 51278 27663 8163 33171 87262 31093 92502 1692 17502 87173 
5439 20
74913 86206 95183 11942 92296 62001 80092 75089 838 60442 24440 21990 69698 20181 86027 10570 49521 96330 17824 51725 
5341 20
54856 16745 71285 61960 38454 29718 14969 25752 42267 80209 87643 72287 66362 94487 12466 13508 86260 38845 3998 12141 
5445 20
23504 79675 26529 39533 94705 90210 51340 64410 89421 85940 92164 15126 99532 5522 34009 80199 10722 66372 51532 49837 
5461 20
52004 98529 81599 75345 16859 21446 70664 78676 88485 72238 14409 13949 367 50257 37068 92474 4625 95694 75103 84923 
5481 20
60798 32190 11602 6010 63430 92815 73486 91537 76109 26812 32556 99293 27096 35425 22218 26150 77802 91840 87430 64489 
5483 20
72869 471 56583 79057 53064 3007 58692 31651 43895 48618 54838 27152 61410 6052 85428 71115 64670 70522 90682 19870 
5172 20
863 4624 57499 24432 52269 5955 17102 40985 45727 67828 6742 32583 71104 8430 78612 52564 22553 70466 57587 51447 
5192 20
98017 70728 48908 18142 69319 70996 29792 10583 75125 52567 41105 7556 75587 63209 87711 23703 98221 95436 36198 64071 
5213 20
77297 5199 35226 76795 44667 44784 64453 87233 23865 56267 53435 43434 58576 82536 79080 64907 55542 64529 52530 17832 
5217 20
80791 38185 77481 87386 7586 45659 60730 65789 81225 17866 98857 52308 51270 53706 90692 72548 82743 70659 12111 92665 
5251 20
15934 31270 21237 93210 22508 8981 19925 92759 63971 77620 80431 2522 94299 35004 93288 85841 37939 51366 23934 32822 
5280 20
79446 7245 82615 59088 72460 74762 85492 13124 18672 85419 40635 20382 61687 24160 25926 43188 33324 23202 54599 40099 
5287 20
45300 84768 6389 3206 74984 25182 27536 25386 7137 80276 74627 61540 70320 78017 3028 10141 85930 28737 69034 8987 
5310 20
83429 64901 22487 53672 94736 63451 96402 39682 45286 49946 31827 6534 76641 38852 18854 83030 15813 606 31916 46404 
5330 20
35261 78884 11296 89619 83927 14535 91201 98215 73582 32977 4424 95679 25093 48011 23615 93397 28203 40594 72909 72322 
5331 20
96405 71101 95007 33983 69643 27177 64448 3955 70113 83820 92308 10877 92488 4075 20629 46233 46917 12569 13676 4122 
930 20
62830 69252 15374 55988 68975 31670 8878 24066 64149 98123 68671 69882 30940 24536 64593 60154 77709 32075 76659 50122 
5334 20
4656 45102 69842 15142 66577 64881 60477 40560 89359 59122 50292 37532 20608 53476 78893 78042 19233 23728 42760 14964 
4320 20
72292 15289 33109 89483 42132 22018 830 77437 64836 62707 48582 17619 18150 20351 23979 1680 6675 38599 61953 69719 
4281 20
60324 98417 80970 10074 49266 86981 70365 95543 37695 39782 87134 26505 48632 4228 97864 88034 42288 97191 15319 79345 
1135 20
72578 96271 49456 33281 82425 331 57494 3538 78842 76388 63763 31496 4990 3110 10806 11249 80987 53150 64318 53763 
1134 20
58042 30164 92712 54712 74091 73491 4977 99114 64372 25465 86112 56195 56435 23881 97847 75431 23150 98064 20869 98053 
4294 20
52310 94992 70777 56474 75213 32052 69477 57104 82569 84844 6940 7179 42612 97694 90127 36302 71949 28259 24074 3732 
1129 20
80633 99732 48935 72190 43757 1840 33866 49311 97345 42788 52060 6439 30442 85699 51561 90120 41598 99305 33649 92967 
4306 20
57982 40338 63877 29454 24200 12242 54498 54613 41408 80893 60127 83553 70647 95842 35177 95376 22106 26342 47720 83215 
4314 20
6513 86638 2821 91876 60352 50452 99753 70887 5260 65397 74445 30890 84933 31245 649 44250 92478 99488 87071 67012 
4323 20
96256 97981 99302 44044 88361 91640 83433 18206 46062 61204 42161 27154 26798 43434 79053 48329 94937 68172 97366 61734 
4345 20
736 50703 27254 57042 23092 38409 35844 88394 9961 40130 32792 14602 51719 52530 31051 67291 16142 38457 85620 53488 
4350 20
47931 69962 37207 22032 11799 63922 4595 65685 461 92255 10101 19095 4891 21419 47900 24984 74566 63488 42829 11263 
4386 20
81146 51286 74910 55589 2757 63486 50686 70149 55159 27770 53983 25605 41768 58984 20278 76411 41057 1441 8144 51559 
4387 20
5374 87709 78543 67898 25562 35950 58327 99666 31932 72884 94306 40262 58918 40894 71236 56953 9395 72096 65472 13442 
4395 20
68609 91034 93942 78663 14023 69050 84928 91851 48010 97933 9978 93784 82899 90725 66605 12772 80554 19596 94303 77725 
4413 20
20941 18639 66666 68090 57058 59260 3122 91694 7199 20025 7762 46770 28378 84151 49728 10327 86589 14730 32534 37650 
4214 20
4888 12852 60102 35921 86503 4781 51564 88932 51192 53206 54352 89105 7574 76415 9893 45593 74644 90447 73820 51351 
4108 20
3451 65265 53821 42617 47701 13892 34773 97621 18819 94932 57297 85729 89620 39473 52687 37044 92754 91568 1092 18833 
4172 20
24564 76947 73170 87093 25870 95094 64796 24224 81230 11279 61291 1809 37227 76277 89841 93456 375 67135 34144 9431 
4178 20
4458 28486 69147 66613 92119 91807 49630 35827 42297 66912 25652 25170 27491 30797 74890 32197 75232 33825 47125 34756 
4206 20
29475 72813 50700 15325 46055 77130 37183 55755 22621 51832 26379 19469 4095 21535 13065 20205 45825 77600 18792 60437 
4250 20
59754 6612 12544 8999 8404 95498 22377 98758 20049 25963 71909 89802 16418 64845 79679 4060 25688 66035 95329 89315 
4254 20
9616 37649 92752 34673 67206 28275 93768 77255 38563 8107 93322 55735 51757 58242 92546 74004 81601 30532 42203 48074 
4255 20
72649 63616 99761 26711 77860 86341 56287 81866 36939 96564 64636 49819 67242 82795 30433 43634 80831 86820 86205 4701 
4256 20
28656 64685 73946 90718 805 18564 51468 67670 69984 14682 77955 71393 50621 50931 27314 96044 59528 68175 29091 59251 
4261 20
59224 74052 81291 93936 81562 58200 12413 18144 1400 55421 71912 77287 73265 49192 96131 71661 65505 97558 76154 23965 
4271 20
48279 61454 20987 44465 11583 29450 71604 86717 54256 12340 18754 16292 34348 26395 49633 43577 1111 68113 24347 28379 
4539 20
36249 32819 73832 84436 44378 25131 44329 92356 28212 19496 19231 36758 35108 89392 26069 32612 18155 6492 8722 48898 
4550 20
40124 81175 63824 61058 24544 72087 20036 99066 91085 24733 1788 48410 59736 12180 47679 75654 8255 92481 36315 3804 
4557 20
38929 75201 21060 13292 10722 44225 45528 31542 66989 96509 43129 6434 13495 73791 13583 22731 89741 73277 11372 3355 
4559 20
12540 6674 29787 15893 20961 36860 69713 34123 17856 20583 56940 48582 18603 68168 86546 57514 51072 28288 68591 55647 
4646 20
89958 52237 87555 36223 47445 21572 74853 94651 64540 99991 37218 78733 61007 20136 57217 73883 30050 61592 8376 89107 
1045 20
90560 25087 39892 20595 38313 21886 77344 17105 91949 41485 54028 63622 56316 44114 29992 43439 95978 20566 49560 87873 
4671 20
69601 51509 10631 545 41773 70832 96157 96949 49897 71013 99977 42602 29707 25118 18473 48643 36875 30696 31714 53642 
4713 20
79089 7840 97498 47016 15233 2430 86903 42024 6256 76521 18798 15110 4500 20958 16018 55232 20393 70362 344 72070 
4473 20
18569 95684 62394 80782 71325 50710 42415 53865 81713 51623 26005 4317 6122 23389 50259 43064 73746 49167 91984 77021 
4429 20
53036 94090 8306 24337 71662 42363 99623 2710 8183 46052 50830 26025 95082 64078 57360 30761 70702 93142 20277 7073 
4430 20
62452 52219 58755 14462 44228 92534 36836 73238 68883 80369 3216 93730 37523 55012 12679 1557 81339 11400 80658 37464 
4431 20
17664 38796 5799 74076 55444 28784 63847 14772 7277 45797 57498 91132 41337 41381 60032 18859 55114 27275 79125 86464 
4438 20
51208 68947 10257 95418 32292 3843 57177 10461 87977 2930 47947 56345 38428 67290 2388 94919 829 2125 16873 62512 
4442 20
319 83876 49070 27912 90151 86156 46522 81249 46197 54873 80261 71297 11282 94194 9255 55498 52814 75206 31157 87248 
1090 20
46275 54217 54260 49034 30112 87301 690 23170 11204 87357 96998 64013 78061 97896 46403 9209 57216 4420 68940 6770 
5498 20
41495 82501 16055 64137 90750 49936 91118 81710 68332 69515 73984 59315 49611 80265 32421 73460 67497 37239 18596 7012 
4482 20
78570 89503 89662 54183 61732 97425 79991 44553 81854 57388 10365 44967 83502 50173 67305 93118 49467 24692 44312 90221 
4489 20
1942 81461 12329 81937 82217 64161 73178 18920 47723 89327 29226 44459 23886 2601 71731 50872 96407 41938 61865 90061 
4513 20
38189 28662 47890 60048 85018 88072 48415 63081 11304 71928 38479 49050 52031 77628 22984 38979 60769 4090 40848 5672 
4516 20
33593 54317 77158 93931 1037 58880 47854 56900 21637 51959 94234 2311 39206 18256 1114 86587 94837 77442 68844 47326 
4530 20
20367 35550 77447 87583 35237 59736 29429 7712 16339 14970 63425 58385 45342 81708 36535 59613 75613 649 467 49620 
4532 20
5467 92526 64100 92946 27178 46561 42493 35619 41083 2569 91673 72658 30403 71134 95218 93917 9004 97706 15673 69266 
6468 20
84678 43956 81275 70998 68680 39842 45359 2730 85490 15038 60710 33024 93445 38772 3664 6743 12308 5418 52653 29476 
6373 20
92674 47406 94986 80426 31210 54118 83213 13788 8427 52049 95569 9687 6790 13313 69201 78442 52205 7598 45193 69678 
6395 20
73239 68752 56349 34245 20534 7006 3880 43850 45325 61064 57726 92935 66375 70094 38695 90832 15072 88850 32534 96993 
6408 20
71706 96625 93948 88726 68047 45766 75829 7013 20727 1689 28955 95538 97811 75512 35842 72073 67157 26662 96312 89199 
6415 20
38610 64226 38967 20339 63966 32032 45241 58728 25791 39130 8754 9876 15102 66346 49625 49995 42168 79347 21483 17518 
6420 20
41874 92856 33427 99289 71096 72923 49121 26901 85449 49578 27802 64256 37419 16487 33493 30337 75090 24532 87551 12422 
6422 20
65229 88776 46069 50202 47794 32406 13722 5889 32920 52506 92412 24331 8087 63944 80055 35634 66875 52344 66921 69829 
6426 20
69431 97632 88116 41910 30558 1463 10431 62333 37113 27608 80749 82137 24680 49008 26172 88190 90695 32613 32085 96436 
6446 20
35735 36923 46530 69144 35871 83774 26401 58291 97353 99013 53448 27618 98393 15900 66792 68205 69387 68545 10142 78839 
690 20
36148 51220 10675 43332 31170 65560 27357 63739 43053 82388 93830 29876 70571 34705 1690 2067 60717 77729 65151 98225 
6371 20
27141 85169 75638 47290 81901 11657 42036 72420 65974 40283 74896 43838 71975 96124 16378 37767 83832 2155 29277 64705 
6475 20
74108 14540 73577 76173 10604 651 58887 5887 76975 66303 11868 37398 22107 99870 11961 12560 53368 65414 23436 82125 
6488 20
21839 91275 44534 62201 35983 58364 58130 90015 25171 51499 50515 71073 23858 99623 91776 56557 68683 98047 46920 98655 
683 20
42069 88048 22835 54715 2189 13929 98625 53838 65377 3386 68152 96692 13587 154 42734 60442 79372 62794 60715 12114 
6506 20
3310 28152 63696 38531 87712 29415 88699 14102 69738 72108 36989 77282 30919 15720 18166 24116 33649 83010 50555 7474 
6509 20
42327 25700 49691 75152 52728 29630 67193 42000 909 21368 69889 83114 21904 52552 17698 85557 11922 19691 89183 47758 
6516 20
93805 91852 84723 57050 63543 65985 38420 5113 21877 85565 46630 33632 16781 96845 45138 99145 77689 62846 55852 10925 
6522 20
81943 25184 27841 50071 16813 36097 15811 90661 39169 69031 26248 24622 7268 84177 41959 90521 15542 20421 91042 24468 
6525 20
21549 52639 95383 59748 81388 76287 8477 58336 270 47368 14031 35324 976 97960 64919 3192 14375 48221 31861 22398 
6262 20
31089 93060 94372 73243 70207 31805 69858 27910 79897 67794 65048 95424 46852 98920 15210 89241 77843 36002 26480 90285 
6219 20
91854 93785 87990 22345 35430 67009 22313 14586 47762 63692 8084 79843 34281 60243 97494 71785 62356 33899 43379 95567 
6223 20
14780 67934 94882 86393 37731 62864 2721 57503 18304 94849 8786 55216 11447 16131 29192 69921 68153 49260 82908 84134 
6230 20
48310 95009 87965 14925 81889 12152 14876 15526 42853 64171 79637 1602 63588 27084 42294 37877 54422 43039 30526 10744 
6235 20
33564 51514 14188 27975 54675 43368 89751 44347 98310 20599 16201 74048 23126 21213 10813 89434 78483 85956 2510 67868 
6236 20
85494 6736 95663 26472 49075 31748 67257 71100 21997 89773 88550 72514 37495 89011 23755 43916 97316 89336 46152 74537 
6249 20
99405 62905 33299 94271 51184 75113 88234 86018 24063 5722 64661 51378 54954 64584 89555 59875 6990 65081 25581 93744 
729 20
58995 50795 2445 80707 73175 55959 67662 95471 76777 60903 10015 92604 21211 94761 60377 28997 74269 55762 15315 90399 
6258 20
89297 4743 79538 18166 49500 99517 6905 39742 91261 61990 2681 1626 80381 64880 78186 52036 86338 40405 18399 56382 
6260 20
75055 91729 38116 52542 40250 19157 94234 76432 90301 97417 87139 20165 22454 49713 20510 66987 72368 42161 28093 38329 
6563 20
21706 27464 13906 19889 31973 39666 32694 2734 29745 26140 73164 71702 38358 7148 2605 20633 68321 47941 33402 1096 
6263 20
79926 29130 80246 6859 6514 37903 87009 55483 94082 78035 60147 55536 84977 17914 63022 51412 83442 55235 65865 28689 
6293 20
64031 371 77565 98072 99299 94366 37533 3677 56280 34597 85726 92483 85208 41636 30970 23154 88523 33830 91875 9141 
6309 20
38955 82507 17753 95180 80460 45999 87322 14653 96428 21737 26640 95246 38032 93976 86093 75658 79448 63596 48809 11607 
6319 20
96290 9203 98041 91526 20180 23580 13496 61012 97847 54365 70623 38847 43579 6873 65294 5180 40620 93732 37486 8982 
717 20
30665 88204 33787 52084 32630 33839 49956 29214 10964 19074 49689 63263 40782 10237 32110 58134 84922 71402 23806 7343 
6350 20
81013 80162 88930 95079 95651 29478 85008 48297 28244 90683 91967 22137 51631 13595 74719 93115 91017 77825 29897 12098 
6363 20
83906 81018 56353 92216 42028 43490 40034 267 11052 30224 18645 60102 67434 91025 41157 55484 89072 1500 18083 61037 
6370 20
46583 93870 94898 32239 33734 18097 91160 93433 43840 25601 37690 34253 84683 3501 60385 427 32566 88380 40362 48312 
6813 20
17926 74865 39847 25936 55089 8553 75971 6220 31912 64233 98822 97787 81170 66067 64979 15031 67902 50355 8745 69768 
6717 20
25539 95454 33661 41992 36096 18367 2492 14982 32544 52310 83653 28162 68371 74352 62589 87993 18904 81339 40088 26392 
6718 20
11486 6306 1672 38427 90174 73545 65227 49208 90812 22505 5870 48788 76171 21013 86973 25050 84004 14462 45002 46024 
6731 20
46905 27771 75800 93050 23942 79451 52706 9527 69452 47566 94173 18816 3019 91015 47041 68330 85691 54323 12788 85659 
6732 20
13724 20435 63448 51248 68300 15518 93576 6926 11427 5703 42076 64978 28875 41210 18926 1786 29216 54041 73562 8321 
6771 20
3648 24799 54073 6711 30893 31153 1521 7836 25832 91612 14305 55391 26978 22678 964 73974 91766 26910 35489 55607 
628 20
58733 89868 76976 19376 46097 87939 78452 44501 57364 33164 71262 64407 45245 61628 94303 80800 45334 42971 16679 17547 
627 20
6016 94802 74570 60226 13907 61874 20137 47618 49106 41993 60962 38799 39432 76493 46427 18989 17668 75802 92874 52170 
