818
8149 10
79950 87508 11281 71560 16863 59349 39297 46288 88199 42728 
2297 17
54343 32352 72402 98491 61759 5511 19238 67018 42504 48161 70960 26037 20451 74118 6718 34902 44219 
53 11
45897 1061 70968 56156 61098 2478 19871 60488 42293 67042 27198 
9566 10
52477 65721 57624 48216 44518 76358 60741 85657 41865 3302 
7305 11
17735 23444 89141 569 31000 27769 71052 41276 80227 95997 16103 
8696 20
45104 44776 87902 38304 86267 17085 89554 3876 35619 77630 82092 2284 24855 94634 78115 66416 82577 5076 42488 65791 
1760 10
14830 22422 39132 5901 58487 49620 40929 28953 82880 46805 
7989 15
31099 46874 12877 22925 34694 80808 6800 25304 46347 39418 86559 92114 95793 33147 4181 
5134 15
73307 41345 78271 77120 93992 91032 97031 79664 68890 6727 98153 41570 97582 10421 62796 
122 10
98090 22078 89613 78834 37843 13385 12344 55902 47800 70053 
111 14
38153 55457 15253 20320 61427 70445 1692 40466 79430 1559 45472 78382 8792 97759 
1864 14
78112 54703 35086 30623 18625 94551 96511 52248 80808 34568 46864 22717 33943 43957 
9829 19
88487 86822 77453 56041 83501 32779 3990 21391 75869 47315 64120 47730 67231 20136 1070 11205 97558 51779 70861 
2359 15
60259 9508 63497 55889 14067 30503 28632 98686 20678 83803 78319 12451 19053 52615 85810 
8384 20
76168 27699 79781 90223 24067 29310 15212 84313 67804 71023 67329 45614 84933 37923 54344 4986 34713 69826 81966 89482 
2863 10
70638 58684 11046 99870 855 51663 30562 19056 95997 72313 
9092 14
70866 39395 27133 52279 33002 14736 50047 56179 43902 59636 83350 14305 61446 4727 
2006 13
94498 96323 20664 3964 88446 79411 36998 16873 27157 75657 42790 96719 42447 
6754 12
57188 16462 69574 48874 73946 6136 64971 54195 47046 60674 9716 38055 
1549 11
47431 39536 92602 52239 78457 36648 5245 61854 52007 98461 25013 
2610 20
65479 77032 4174 74761 49113 53356 7820 48043 89240 25060 1382 39325 66708 61304 52297 30494 10458 11071 48745 71113 
4193 12
82470 8596 16068 29869 52011 97482 99564 51587 58278 34675 24403 49397 
8738 17
20614 89237 2052 34438 68221 1081 46844 42857 485 33701 92795 47390 88550 10840 69069 36519 41936 
1559 13
48838 83093 90715 51878 13735 44809 57844 52328 49428 91615 94008 21448 32310 
8758 17
45583 57507 13373 66675 17985 18403 95727 74958 88026 60299 77120 5445 51760 68057 49244 24925 36492 
2882 12
34255 6626 34082 78934 16292 48828 24478 7897 54090 83698 130 65860 
6897 19
71074 14860 95402 56907 3932 87937 54263 83304 14925 28038 10856 48793 16476 43423 75602 6564 73295 54084 37550 
8691 20
48126 46058 1012 87419 78477 55052 80049 33992 15480 50247 18437 35565 20152 78715 29434 85175 55714 15371 11153 59290 
479 13
31568 65438 13011 77731 9176 15780 95650 90023 95716 4191 15992 70053 98692 
115 10
58775 76397 99249 96238 44635 15264 50746 55235 60419 5443 
8530 20
5892 32631 87719 53582 59089 11503 88957 26138 81373 16064 2304 98024 20859 42760 99723 19448 22968 96213 27044 82458 
627 20
76493 74570 41993 39432 6016 94802 20137 13907 49106 46427 92874 61874 60226 60962 17668 18989 47618 75802 52170 38799 
5804 17
91571 99751 90819 94485 4467 51893 8105 22763 48473 62136 68128 41712 8102 5917 62289 30618 34521 
3546 10
46983 84271 55898 55536 76616 83879 92353 29226 46114 46370 
2143 12
15678 18889 34395 67372 17145 87144 79592 21511 98833 86761 28330 21501 
7368 10
83691 91433 56298 14375 15296 40763 11093 10925 18208 67270 
4330 11
96206 2290 80442 72368 60050 96715 71274 87042 97836 6287 52496 
7791 18
27113 23942 87331 54133 41427 35109 83007 75810 87958 26638 32187 49959 81321 48237 84014 91641 81874 93181 
1351 11
89302 21165 31055 36187 19843 47154 28930 91501 59813 2942 36129 
9918 10
71772 47523 63551 27484 83949 14457 61821 79933 49584 31825 
8728 19
71936 33260 56671 10134 69082 72584 50050 87702 35881 65433 35203 73194 74978 32405 74374 81479 47730 18116 15654 
6644 20
89990 5281 47332 34217 62465 60249 52990 35676 87633 79918 10816 91504 32722 59710 2164 43182 67532 39066 73905 34688 
1296 11
80466 9005 26826 28937 19174 88340 88752 84642 95303 45191 95991 
7021 16
69638 66024 19902 8126 34954 39880 71524 71094 84776 15673 65056 14586 93967 78444 58903 86633 
399 12
36203 59660 5704 58319 86560 55849 5660 72616 92949 44405 16700 83483 
3612 10
12164 94125 75570 74097 26970 22854 16598 60652 15834 25134 
6202 14
3489 47571 73534 35878 69527 70036 37978 87037 18657 32439 81666 92835 26051 88430 
5348 19
2519 16521 30289 22038 21795 60666 27669 37958 63951 6144 30371 43951 44592 42335 75228 9820 70428 92159 44219 
5020 12
72364 28296 56306 24078 61717 97385 71679 84053 34753 23908 70976 11335 
6063 20
67622 54575 95598 78200 1266 67848 85987 96428 9552 48962 41516 79788 66962 51504 36058 28199 5828 91877 9218 50947 
3216 11
81216 74598 70762 74588 21563 20333 14944 79179 9436 72361 66583 
5771 19
1209 86501 33122 72219 64988 24242 75809 28069 93188 66534 3612 99914 93974 54432 79899 59863 49265 61655 33987 
2415 15
17257 27490 83554 74055 95638 94287 53402 4557 45738 17962 42484 36089 80257 86608 46548 
1448 14
91418 89811 53233 92889 45379 46160 95566 14370 97191 88725 88507 61385 45990 52876 
1653 18
37098 57035 29400 94606 23427 94978 91818 38343 96842 93600 28095 28629 53375 28621 98634 32573 13447 85842 
5002 12
23352 56284 4951 79017 31469 26815 10707 79583 18834 62072 62394 74901 
794 10
74291 19230 26937 94453 19740 19564 14396 9991 81411 64596 
3124 14
99244 57835 99456 31431 11593 79809 42065 1683 4303 45851 89360 88888 7441 24803 
6871 20
31515 12282 40071 80127 47629 599 75548 36149 87851 67662 59246 59306 42836 16615 74615 74736 66013 39044 21581 13601 
5339 19
8649 63380 74857 93773 61805 97317 57668 72427 40789 58639 56296 11166 82022 57166 68007 21895 42866 58878 12125 
1427 11
98986 40047 56741 16915 8827 7576 82504 86916 36020 87619 75006 
917 10
97211 99771 38274 85545 29121 3449 59516 44084 33126 60729 
752 17
12133 28446 30917 16350 55619 31700 18064 39254 61302 70551 93744 72792 81483 94303 26416 91548 43031 
8981 10
36381 52999 15079 53912 73258 87611 89217 11981 68881 92873 
6313 12
31659 78987 82829 93797 71033 11942 67578 43265 40845 55835 28797 87162 
3679 17
30290 49586 53944 77953 91484 73279 33897 32628 20209 43919 15648 39446 54193 8895 73820 23169 64846 
6772 13
19919 62509 23500 95671 24112 86445 75938 88834 90050 45113 46842 95512 68161 
8109 13
34450 75268 66840 5407 10811 42969 31540 23360 52328 59017 42782 36052 52339 
416 17
58698 27052 96196 71411 61397 80870 57140 78548 10280 19674 84065 82929 97542 348 1508 34561 85782 
6229 10
24198 75827 76302 14751 28422 81657 8106 61540 10817 17584 
6997 16
89931 5905 98688 40161 15745 87668 78792 19589 29304 17992 28159 87233 789 72751 15852 66150 
1283 18
89194 45905 18163 65797 38825 78912 21454 30634 99157 18667 29280 43971 61184 34956 96458 50561 87663 9751 
8795 18
47816 51607 89427 31898 30617 7588 36151 75616 35653 72714 34827 7515 24629 81608 33606 20115 11887 19282 
7984 19
27980 57104 78896 7690 88120 57279 44930 38861 55615 6981 40900 91557 96995 97991 83098 59248 98660 60574 56008 
2786 14
37310 99560 10714 15562 7537 29626 88803 38790 72419 53376 55427 27246 34993 25368 
3548 11
7620 85798 40089 98495 43615 15037 18494 69461 49240 62046 72581 
4439 18
40174 6785 72389 75771 75100 13903 54368 91600 20796 11204 24579 10386 99588 39744 42593 30114 65954 9881 
3091 15
33403 90370 33875 29249 78266 24479 30466 64373 57247 86977 37800 5660 8607 11278 50612 
1659 14
6279 53843 60276 66551 19804 56181 75181 50300 55938 42808 17025 76475 35568 43695 
906 12
44052 11604 51287 87150 24241 60103 2770 73612 75208 46263 28069 36627 
9855 20
74200 34698 60258 45533 55738 83257 14014 84226 2999 56073 89198 79077 94033 64392 21342 31629 51479 18568 24583 69233 
1195 13
14934 9331 67451 34 58034 16525 12925 81708 60713 61163 65784 99673 79555 
8260 13
43255 63560 47005 35133 8391 81941 83122 92119 75316 2337 59725 3518 87805 
5023 19
85676 57179 42712 31201 66078 71227 13803 75447 54788 32205 8667 73933 50887 72850 82184 90649 87136 5825 44869 
9486 17
25214 29916 88042 96171 77993 88324 144 1142 3667 29781 13021 42294 47863 85828 25217 50136 81616 
4138 19
7028 17444 97831 16048 45495 68663 55497 57207 45568 74424 92204 41421 96595 37046 59332 67693 34073 57000 6958 
6953 16
4460 2391 54548 71259 40597 44169 13413 45821 6931 46259 67642 29728 66523 84887 52169 46501 
462 16
88288 65678 11995 31505 72407 96865 92412 12322 36722 36094 82077 29109 84319 76817 73681 45164 
661 20
48941 87312 25973 32402 49350 77606 31489 55860 44823 83190 15297 46618 15973 26557 41272 50977 86001 5110 66405 9112 
7358 20
8226 41726 81897 46729 45114 34271 81543 59605 65619 36550 65508 47834 46203 67570 34122 51487 88944 6016 63957 30585 
9100 16
79050 67500 40503 72373 41747 26345 53450 1905 11852 58793 14179 48829 59863 24333 6610 28665 
7175 12
66907 75263 28784 17709 39305 23413 28230 96386 68888 4082 14897 55577 
4112 17
67144 572 95395 7423 49884 27645 72854 30218 20577 35584 88453 65305 8516 68058 13957 46917 8967 
8050 17
39647 70363 68239 18693 12728 37194 24179 36105 42059 63540 813 93694 50751 63265 3975 88971 78373 
1349 19
28366 82237 94002 17539 42110 19353 22375 74174 32056 11511 45850 75381 86640 56202 50069 63894 8164 44508 75694 
8283 17
75797 34666 81890 96375 21288 69572 29584 52552 94482 91275 93762 84177 77395 778 93624 75951 13885 
6386 10
11094 49757 71764 59511 19711 2109 67054 22813 9874 17594 
5810 13
78145 7993 21603 28584 63360 86804 61998 78493 92677 74309 51085 81225 74884 
5263 17
15260 64389 21385 34601 37405 38744 35600 805 73291 41725 83457 63602 36344 27573 78398 32725 90365 
5569 13
64850 34230 62797 42224 84254 59384 9565 3796 17805 1429 83966 54440 49204 
141 10
61373 11061 84401 37098 42032 33554 52135 27534 1616 21027 
7555 11
80645 59433 9913 34991 98853 49271 28735 33388 62262 31057 93960 
1737 18
11483 75599 75184 7055 38352 1912 35667 24216 41108 18610 75169 39513 63090 10209 74518 96574 28258 7610 
4589 18
15019 57543 60847 25544 69690 96657 63137 21652 85547 68905 37167 42443 65364 96842 16290 13094 7474 35659 
2919 18
66105 92778 54171 832 22402 36953 81202 36354 45296 2194 26334 37464 22673 86866 41339 35907 43217 43173 
2977 13
3911 26975 55942 5806 22277 15505 51874 59016 12353 93384 17198 1255 2309 
6338 18
95615 50679 99700 60792 87196 84191 12190 90076 24605 14542 73241 28228 45550 68607 97460 87956 85867 3993 
9948 13
90758 24599 4624 7578 23869 74943 83858 15301 10231 60007 78907 44866 55894 
7494 12
10857 41288 10663 623 90878 70468 79302 36353 51017 85508 76735 4463 
6979 19
89839 32591 40294 25493 71246 41474 41412 21211 57859 93347 43631 71799 15498 30325 18600 8991 3425 22906 76206 
6636 15
997 97223 1816 71874 5454 54092 42641 34089 60066 75695 95361 47982 47875 88953 32592 
4924 18
48782 56151 87012 93078 44645 92541 21951 44115 59614 66749 13354 99110 66609 33792 59889 71417 66797 6532 
1348 17
19371 41574 10838 58518 27379 53262 13098 39422 56091 90943 6111 90465 65834 73329 9142 55706 81953 
9460 13
72555 66906 22338 2404 10043 87693 87181 3868 19632 27752 94677 60724 43007 
2097 17
56512 71974 13950 4479 36914 59220 70408 99396 58614 95184 12344 55915 19472 30639 72902 35119 84576 
2737 19
78710 64827 77444 43703 3905 1780 33748 31512 9560 89450 40330 46156 13839 35484 3325 25708 80130 78758 87118 
6760 18
55649 18940 39307 58782 77028 92406 84077 62767 10514 98616 76560 85057 44692 1126 950 65570 52244 55458 
3993 15
63237 47019 58199 21837 57768 56292 89549 22861 50285 92861 4313 60365 80554 90129 43520 
350 12
16689 28363 4757 2565 77936 39345 10810 8204 55647 34408 63551 43238 
9061 10
97758 6623 6237 34454 14719 40717 47228 97493 42091 36314 
7956 16
34990 86621 23650 83790 2365 25103 43098 19498 11082 59305 99270 8361 76310 39793 89710 91358 
5912 16
58401 14229 17694 63121 15943 77245 88435 7871 36075 99381 56772 35156 13665 55233 4145 96622 
8505 19
75626 63958 99498 82264 91543 70781 51950 10869 40259 35399 62215 86182 80284 4848 44883 68816 68405 53693 64527 
9218 11
23172 27311 68963 71906 89612 41448 70639 24201 50339 35538 8590 
9316 16
47249 70147 47309 37623 5807 99852 82906 78016 42636 33100 43322 75727 83085 19434 85069 23358 
4637 19
28299 95262 16353 63609 26142 46712 78679 59528 50684 48895 72198 54237 36055 67409 96659 89342 58115 89102 20123 
5853 17
74376 86337 40237 98161 69503 15189 45690 35992 74745 7334 46472 95766 26098 52055 78738 71022 51319 
526 14
87714 2504 29292 67485 98157 33586 16110 69570 54307 62761 9200 16735 33981 1491 
6054 10
63110 58795 15284 19734 4824 4114 69265 52082 61539 56202 
2394 19
34607 94214 47576 1998 96142 36757 40639 83514 25967 63799 43263 6758 12871 73569 20575 95029 36193 9796 29201 
8518 12
38231 85977 41806 36836 11461 56852 97852 22438 92374 1534 48724 97315 
2504 16
53082 22770 33155 70525 34013 449 56410 7223 83227 370 86931 67989 95592 48916 58878 24035 
7445 10
54006 15917 80625 19351 34472 85554 80365 84320 15716 33977 
7285 13
40018 63576 73564 69891 26738 89313 83724 5389 74374 11089 81492 24772 65547 
7010 13
3374 76342 32844 76992 36326 50049 84419 6527 73618 33506 88013 7866 9494 
3907 11
14146 92245 45631 99279 34950 27219 33825 39237 25060 58981 42943 
5510 14
15448 66083 61620 80974 49426 35068 23029 67104 45455 63147 78494 69642 77436 64469 
1356 20
49706 83283 15920 70779 66975 52190 89796 56979 7850 61543 74453 98328 40507 63860 73445 57786 77787 1718 74656 13975 
561 17
96955 95256 53763 74585 97761 97800 8806 62468 85188 99897 8987 81332 51002 72772 51720 25871 58923 
2510 13
51299 90510 20151 39652 88952 68356 58393 410 94567 19813 70989 36151 58544 
5851 20
87530 79965 95728 3982 21720 56563 85653 30381 23556 8445 12513 3163 45502 17291 21555 99002 35601 21719 50129 16980 
8314 12
8642 26183 2974 63791 56962 3608 49592 15104 41770 68776 41045 13404 
322 14
37233 65870 86071 52127 22915 26229 72500 6746 11553 98762 96607 24630 47789 41345 
156 11
13469 15885 54977 46885 65197 1251 73296 20438 42859 47307 36043 
6253 19
51545 77863 71436 98355 66108 43682 83025 10342 25956 34810 51490 9713 56995 81202 98882 43797 51496 1822 96307 
8178 10
9401 81080 45833 4923 53621 96730 40436 50677 50605 40020 
8056 13
63827 75487 31110 34361 35890 3561 45770 24457 19817 96476 87430 17128 28167 
4614 13
38614 92694 4248 80231 59414 6797 11040 96201 44479 89416 32798 76366 90052 
6493 10
18975 82563 75107 88148 56683 92547 24233 17080 80393 95151 
2848 14
31963 58578 98293 94845 69102 77165 33192 28308 65442 43702 28054 74347 83820 50366 
4194 13
73906 40861 13128 66263 16943 53815 54420 56177 77193 21300 23520 7184 19288 
7308 16
75913 48460 67249 11678 10896 56598 21713 78871 29482 24598 97823 40867 24479 38808 31752 54440 
7025 11
52644 10805 19809 18708 5509 81812 19506 98482 76817 33186 52788 
7407 17
99915 65910 71967 58136 84012 75113 88573 19051 5091 17054 56070 72956 90246 18397 64217 46170 41471 
2901 19
6452 19814 55482 21422 20707 32616 94766 67673 58807 25691 85111 88634 13741 34002 16397 12040 32970 71126 55760 
2738 10
60345 51020 90672 99070 87867 11467 85669 29926 79375 80013 
7038 17
64379 34793 87874 22970 61179 99644 11272 80352 74706 3068 16268 45102 43484 1508 70019 19777 95361 
2044 20
39554 69029 27066 25945 29958 92294 79761 89068 7230 63471 69976 64546 71861 34336 2766 63723 90947 73699 59429 84863 
6915 11
39955 94434 65488 36036 74797 85197 85422 29988 5398 42644 71522 
6115 19
83165 63877 74708 1292 46716 63246 28690 8724 87223 77082 68866 30659 25374 31377 37543 20120 7852 61183 15175 
4496 12
92646 51627 53580 65932 15628 61278 54582 93963 95947 94856 86869 2210 
1668 19
24030 80410 44718 9362 55783 58743 88494 45921 71723 36335 46296 40392 67446 97548 77215 21420 17657 54122 77181 
8648 18
33752 80463 5890 5663 85459 61228 31855 82906 41666 55376 40446 22446 92903 81295 25704 15391 70053 10856 
1984 10
29613 12902 41551 92038 33105 60456 80178 32744 95766 33464 
3720 17
19264 60814 39381 70147 46806 35343 32015 63846 84943 94835 47043 85826 11291 31747 41114 73304 48745 
2541 18
79040 25662 73929 12444 32094 96147 12038 54239 57554 41831 43459 98796 59039 19302 23352 29965 14967 5197 
4717 19
2654 56201 43891 36568 51880 86264 65413 67252 61563 29078 61195 68665 3319 28190 81351 26828 49956 12998 79767 
693 16
30884 77061 24973 79029 18233 32671 66704 39490 52967 35676 66038 34392 84908 38587 98204 70660 
1476 17
67602 72019 47921 57158 80283 67690 36162 96318 71712 86219 81097 75901 1961 97603 97715 19419 62389 
4386 20
55589 63486 76411 81146 55159 27770 25605 74910 8144 51559 53983 20278 41768 58984 51286 70149 2757 1441 41057 50686 
4284 18
23103 72299 79590 39219 37144 74488 94524 20698 33387 79501 4492 84059 99442 55489 91306 95026 76024 40266 
2017 17
20243 5622 94563 29367 97604 74179 75426 76967 23740 3036 17264 57327 59125 62087 67785 8443 14595 
2075 19
49072 18433 84055 39879 70852 24782 1448 50393 18122 92693 68423 41424 86288 69430 39111 38228 87118 99139 4859 
4506 14
46480 69560 48250 68459 63107 32001 98349 38358 39993 7121 93152 5368 88297 9268 
6916 12
72127 11809 70456 99970 52775 69602 50484 73880 41285 30454 28824 1234 
5857 16
40680 94779 6504 44471 99699 72811 7444 22716 67607 86694 85184 65193 76320 58643 25390 32808 
3483 19
87119 82304 90279 42098 11010 72828 94901 18848 51336 87024 94004 91934 37523 88637 30642 909 69536 38455 1098 
5388 10
31625 29262 22454 2510 56049 16596 48235 47577 68884 6239 
4154 13
3619 2105 50924 32941 26091 1117 51548 66068 35994 63752 816 59035 89968 
5805 13
750 60441 10948 44922 26733 42579 11382 38167 89107 42416 17515 17082 70432 
69 13
68154 61389 51531 24952 92147 84681 65739 5808 86023 11810 61912 52387 35067 
1970 11
30317 60718 49785 71777 80411 35806 22341 13325 17137 92429 60864 
3991 19
60091 19820 76039 47613 13418 84748 965 53412 20429 90156 18276 74394 89303 49440 14943 63001 14661 46311 59533 
3586 13
71835 44102 57227 69328 69041 40780 5869 15365 7837 43105 86665 74127 66498 
1996 12
63868 30382 69113 73587 26562 33775 15683 24317 34632 67027 40074 83088 
5789 17
87405 13429 54566 62416 347 69491 50132 78124 15119 16737 30447 5401 31614 34964 97026 89758 61402 
7839 19
80364 94038 56161 24635 16484 99122 66130 4628 53652 33866 25222 33645 60653 74508 26812 99997 13704 25682 67734 
5532 16
45150 9624 58431 36759 77124 4594 20449 56444 75618 64219 76154 84803 70554 81458 8841 99553 
5390 20
41659 96555 76674 46059 26973 1629 37734 80485 91957 98409 5053 9937 83944 65140 61675 41223 32506 75021 6763 41258 
4618 17
12430 62124 78103 5242 44069 73190 49356 18713 39285 63734 56330 86718 97876 95468 74901 99623 78319 
2339 18
69216 65811 86162 95783 93801 84827 82212 88562 55998 13989 48621 73062 5851 98479 16402 31604 63521 676 
9096 12
22767 95825 37455 38478 83646 41134 37806 56082 30748 85824 35543 91376 
9108 14
69876 44442 42463 87785 97664 3767 5784 67184 2947 10878 14044 45545 21047 85237 
5555 16
5128 40617 77368 41617 26780 15588 52666 48511 43114 53231 72557 44824 43089 21604 3773 88406 
9985 19
18118 81477 4521 57997 13262 352 5474 86708 46976 27065 39791 35989 95315 94829 81469 44342 43277 31641 71651 
9616 11
17570 75156 86840 99815 1364 1692 16417 7556 41559 78190 26504 
9203 12
24592 81842 38458 83264 8470 8113 27088 6905 71731 67814 91060 87616 
3550 14
38174 48062 59389 60417 44797 74796 36462 30761 25997 62814 67059 9428 77749 61815 
7293 15
14667 49312 70986 3704 36429 49885 78972 12574 51647 39981 57054 14763 13465 73884 44087 
7096 13
7263 51471 14081 70558 74848 98137 56709 37822 3912 21657 59961 11788 74167 
5357 16
30926 28226 61566 23666 61616 29070 49688 86311 2897 69433 41964 14299 86499 88026 41159 15395 
3726 14
64035 4363 32226 25619 28561 60925 28990 84645 19778 98339 64529 55052 36631 85115 
5635 19
86870 71504 60210 72732 32143 58156 43377 61221 25642 21248 54205 13394 57236 85062 37473 94606 76916 50090 23086 
4556 18
40510 43049 57800 36222 37414 32157 64985 87866 972 15115 45034 54089 74165 76785 33926 91644 64604 56560 
2440 12
52280 36019 51054 17250 95621 273 32503 29022 48961 38466 44569 95859 
2250 15
10297 87671 3417 68845 19243 14779 95542 46943 38008 52198 54812 3737 84817 70257 87037 
8098 12
52912 86941 35499 6241 20487 83543 45918 32178 48510 78523 7982 98316 
490 12
88188 5411 60348 30696 44257 97000 10519 39605 24207 737 104 53040 
9761 12
97918 91084 74259 54689 28058 97684 3750 87866 34675 91986 61586 55044 
9095 14
3621 12473 93109 18313 37934 75822 72812 17192 86290 86613 92928 49484 14246 20395 
7143 13
61091 45165 71568 81037 34953 20580 82181 90787 4712 55892 33208 46194 35678 
7575 16
79454 67566 81317 43509 53525 80057 43121 60496 31529 11851 14517 96630 56723 99998 57733 66420 
9564 17
38194 32607 65091 77329 39193 56167 4400 3879 47827 70424 92259 87438 94564 89514 36491 69604 78145 
2881 11
13893 80716 5967 25536 17468 96993 90360 43130 76033 20498 92110 
4535 18
69520 25667 77091 58582 4879 28322 66425 36600 96236 81877 60973 57008 7516 23752 17603 59703 30949 28816 
8677 19
61954 69066 59762 36527 86212 63444 75934 84362 98603 95939 55736 27075 87787 11813 57476 65537 5765 70719 54100 
787 16
93804 56648 26830 28454 28770 68117 58404 18196 97031 22951 14260 28862 39007 44816 65673 87547 
9573 11
79675 73438 45212 69101 23543 44169 59834 2480 45598 4039 50136 
7611 11
53390 38709 77532 47914 31248 18521 72767 30601 71784 11570 56217 
1307 18
33850 46815 23465 40496 37105 52535 77218 75297 72959 60016 1529 54991 76167 48817 82495 24787 30185 86902 
2252 20
98399 94128 20491 61904 45813 5275 48674 17897 98116 14864 43402 45591 68416 66032 37181 12246 28909 54837 75086 6297 
1024 11
32114 24268 22368 52032 4972 38759 58408 82442 61721 68426 20277 
6109 10
19931 71786 1178 12003 61318 93430 39924 25854 89884 30948 
4251 12
95377 80598 46481 60970 41937 61616 16994 7613 15036 93029 80130 49793 
9081 15
82682 86117 8893 1161 31591 34619 3001 93266 71966 55774 27930 51304 36605 37630 56624 
6900 15
61143 40778 95188 26881 70957 33507 31425 84837 90465 30226 17678 65779 49873 9796 56122 
3868 16
35657 15235 15483 8246 20585 71860 88866 78867 77797 48204 36551 93556 14853 45565 79373 38492 
5397 17
53613 25888 53554 46379 78555 54150 3816 53189 71639 27789 5699 77282 94475 98963 90129 15078 73351 
8893 12
38000 17105 1543 90842 83218 66601 53488 40824 94973 41848 49793 3751 
458 17
48823 30142 31129 56783 52949 80536 43977 15900 97306 16259 62355 45076 128 28797 11323 28423 50016 
7995 17
78404 19974 95027 30852 25285 76518 7514 72285 47295 77993 5768 74621 38128 96627 55364 28990 64041 
6235 20
54675 89751 51514 33564 14188 98310 21213 20599 74048 44347 2510 23126 78483 27975 10813 67868 16201 85956 89434 43368 
7875 10
27527 1899 94447 19248 42940 66772 9257 31130 27280 57116 
2137 20
56949 37854 26245 70379 93795 23621 56775 75016 64790 14704 4572 36726 23019 44632 75376 46404 88626 24477 70737 16397 
8831 12
8173 21173 92109 8156 73255 83003 28394 90428 935 9652 60767 54090 
1397 19
14265 83582 50055 56640 17529 1422 45733 62582 13136 29597 65433 73566 80506 18788 92248 11232 95221 66665 36689 
1989 13
79182 89037 24761 61260 80644 85142 39893 60870 51836 64154 97175 53033 70849 
9103 10
40936 63709 94900 98080 49435 46179 38012 51298 12231 59467 
3919 11
90734 40245 66590 89941 94347 1184 21917 4461 15819 56056 69802 
6966 13
38473 31074 15390 7993 5047 39549 94353 60597 60828 16670 19073 90600 910 
4631 19
80045 49649 80217 56132 9577 49982 66446 52408 43970 98260 15196 85608 6866 40434 80023 74390 489 12505 63708 
7438 20
76815 42865 92491 86426 35463 43162 1137 85581 68645 89848 7093 51686 50938 50115 74677 82920 59314 29776 60101 39760 
6957 15
72670 32686 94880 41944 69907 23121 89883 35443 8280 97950 93239 4446 51669 16211 29776 
8644 15
35464 22724 76680 73627 23452 68386 89846 34877 51062 89898 26767 87213 34444 53074 30861 
3318 13
76786 58059 43084 69979 15194 61006 1598 22250 32281 94732 45513 80271 86023 
9294 20
97076 89243 16973 96726 68640 37909 72711 7009 747 42080 23597 57516 42870 33522 37479 48181 54341 57295 87581 59429 
7801 14
74929 52343 34242 64579 53143 92511 42360 9805 66911 8998 64401 5417 67131 46320 
1679 15
51344 28976 19995 90049 91367 57066 68538 96725 6282 25432 72933 20174 44342 89694 77193 
1425 11
90989 74273 68541 41816 24556 55771 82434 44715 74693 71125 61665 
9548 12
5328 33079 79741 42365 12593 76966 87321 49282 90100 2920 50610 65341 
3525 19
60690 39839 22992 53202 9648 88124 26248 89782 33222 28338 90138 54655 11729 72796 4701 5122 97816 80204 99793 
6485 16
21521 11652 76283 11795 49367 97158 99457 26082 32274 85135 81129 67793 86061 95339 11608 67371 
6779 18
42236 96152 17379 81514 97360 23458 80698 28854 41851 26920 32041 64219 47812 55496 2282 47364 64426 24773 
7470 11
84931 89688 60595 47689 25892 58776 24953 30834 99819 97382 14340 
3698 11
91786 32312 3504 32386 18098 64709 68347 8503 29770 82055 24081 
7007 17
37396 80330 65628 98729 97215 60591 51572 48876 28196 52012 45220 42443 11291 1617 81941 4710 13798 
3413 11
46956 23259 11789 7166 56065 14911 82597 70750 80404 93981 44479 
7294 17
64804 92094 87816 14773 83796 9222 74403 14520 10973 23108 1412 83381 24763 79261 12787 55349 21556 
2497 15
30941 41298 10644 80191 89009 17597 65230 81091 95546 90565 33888 2357 66535 86828 11387 
180 20
52970 56086 71005 79716 75870 98128 53633 72660 31588 862 20863 3243 57753 54866 87213 35394 22770 84541 65750 97815 
3553 10
64438 50288 85269 77845 10148 34662 5665 56077 17902 18201 
5966 16
84774 49097 19845 83074 68638 54755 24337 52220 13419 31161 37855 87237 27856 71086 32717 44632 
9751 19
86798 30671 77396 94983 40731 88494 97787 15698 12414 92385 83119 68269 36902 6374 68977 81153 78043 67431 16176 
7166 14
35811 20255 43444 98138 99387 74754 49505 86148 60913 59221 99442 34912 58833 60261 
6212 13
62838 84445 15924 10024 35388 29498 35386 96981 52625 28692 14766 11374 5696 
520 13
41348 13982 61116 63571 24213 13745 81727 19502 22444 90702 34091 110 30948 
3719 16
47367 37449 81004 80832 26483 7953 34807 89283 74216 98025 41713 38987 90708 94938 97039 23489 
8222 14
56920 45179 40631 89187 96763 4986 74797 82830 80975 98195 63316 52797 5394 32921 
8300 12
33813 62377 31408 54196 92704 41532 73038 51039 10836 60051 15770 9754 
3267 18
31347 74437 21116 19951 6432 32154 39327 74502 54747 32751 30344 31974 16456 37906 61801 91120 34595 73566 
9291 20
61965 49163 31620 55315 67203 18754 77294 98661 53569 90997 21108 70367 28135 26874 85620 43178 18872 28222 6043 66701 
5604 20
88745 83291 26512 9206 26363 63423 89538 98615 21085 9978 3229 42354 83808 19539 74267 63689 60539 75707 95456 98019 
7974 13
27448 26355 59320 26314 71379 74034 36882 76647 46572 45484 46166 20571 88310 
2651 17
7277 69343 6709 15485 87520 84919 87639 66504 51735 34930 303 40436 33345 90615 35995 98402 89695 
1948 16
51547 21221 21302 44912 62011 85158 39560 47299 99273 87494 80843 90682 44627 27621 55184 14595 
9110 11
78629 54757 99103 8444 67737 93603 34898 84142 27498 90052 4345 
88 20
92257 83567 64710 16584 13921 2478 9925 71517 30039 42841 87879 8235 95943 28074 15842 83687 85299 16004 96717 26920 
5818 19
1281 55359 84011 32589 70993 91785 66216 40475 59170 98400 35342 34960 14283 10087 20394 6644 51908 72617 63941 
2590 20
70859 59603 54953 97615 78111 45635 34053 37688 58315 83513 29997 5742 48875 45069 24522 66541 90452 42927 43951 81087 
8177 19
12332 86465 27778 72882 12082 37076 34772 61129 62193 18057 45970 19949 68303 15824 87722 41349 47292 42461 30779 
2998 19
16572 13822 71448 31009 3616 41318 95424 26160 88364 12141 31381 1070 59790 54540 14986 94677 42006 26729 87616 
7259 16
65832 70983 5724 72463 25195 28997 14752 76989 76191 44513 32807 28395 40686 40291 14943 28376 
9239 18
6754 65093 12123 97260 78515 24764 75646 95095 55016 73807 35547 93009 34855 6812 52478 86429 56230 25718 
3852 16
77060 83839 53683 15380 72242 38591 58777 48069 187 77869 40172 78232 60599 30191 74830 9965 
8931 20
46470 44975 95780 5681 48430 19568 85129 30542 73422 56908 99045 78860 14462 9389 68618 14270 73278 51296 79669 64479 
918 13
26806 50606 48558 49856 3345 92080 86026 76152 26656 51025 12247 50540 67123 
5589 14
93461 63705 16716 59911 28172 41680 8447 30920 18607 7436 59009 32515 68026 99825 
6792 14
28459 29429 7163 71996 3160 52189 74662 2690 60785 17248 18607 5277 37289 56258 
7148 15
4474 13913 8543 15901 3013 52707 49863 32426 43448 71203 48396 71260 50825 51731 52590 
6215 18
4949 11421 16553 29973 24129 94148 52762 23386 4744 17113 56408 45216 67089 94517 2140 14576 49415 96662 
3568 16
57089 38570 31134 3120 66803 1417 34112 5430 9324 37582 38169 20511 15600 40438 99956 88971 
79 13
20294 40712 15601 75224 95827 5547 81522 68010 9743 34003 3069 17409 92238 
9508 18
85823 24235 14879 75059 67267 11493 98168 85016 76912 5450 7592 40741 97289 97151 92230 78213 34392 12510 
4252 19
19213 62340 86957 72729 48475 26067 92372 73169 87121 73224 73659 58654 6511 28200 41155 56397 51077 69466 34069 
694 12
57748 56320 50489 58055 42094 49859 62376 44731 2487 95671 55401 76704 
2557 13
64183 57927 36464 41614 88848 37269 11910 88147 82808 12946 36888 71911 72443 
657 10
7188 35060 18766 62073 39742 28948 42847 27863 83887 56560 
1886 14
23337 69917 99025 18501 90527 34381 32430 24943 56011 27423 77196 19375 76267 16148 
1682 11
95196 21978 53116 78983 15285 71806 3620 64179 30759 4814 67791 
9686 18
58585 19857 1739 67539 98885 92969 12234 67202 65300 18898 89718 3052 4984 66874 29417 91702 65441 82545 
6673 10
73418 76296 34572 23796 65766 30070 50888 51168 42973 54187 
4457 15
29127 89588 43625 10762 39188 13166 48851 74825 72866 90672 89928 87383 72070 29944 52833 
868 19
47902 71352 50252 44131 20414 52243 98580 50525 17941 24532 38056 89428 19436 42156 55200 26508 48775 4267 4022 
5513 17
68500 56844 71501 87634 92024 44137 87175 65210 49374 3443 58261 4574 75099 85906 53280 31381 39013 
3729 11
2650 91787 83971 62809 95081 15581 52186 92769 25485 11564 45274 
4065 15
43537 69141 69244 33951 18030 59940 90021 9496 16624 44996 6561 50234 99292 43277 86029 
6416 19
10158 20964 92349 52550 15413 45119 56390 5425 10699 57172 99308 31915 66830 95684 16620 81253 47968 90005 74318 
1504 19
89495 73289 60114 33029 53279 6788 27272 55493 81801 48312 36228 5201 87612 25159 10783 76629 95023 12996 39026 
1249 10
24923 43004 81969 87288 60004 70255 10207 14370 13016 76800 
1331 17
69820 38127 12924 72124 3541 72349 69818 59676 31281 86946 81015 59974 25333 53581 36055 41770 82656 
1488 13
39288 94462 22695 1762 80258 14619 94939 24347 33891 32887 5672 37975 97224 
5065 19
28614 71471 311 20130 3096 63892 9950 77520 6870 32542 99038 71880 69453 28703 62380 40458 89812 75917 99758 
3552 16
68779 43720 31819 89918 85967 42 4127 69434 64890 15879 77022 12167 53591 39157 46670 58989 
8582 14
73331 41460 95124 31680 60342 36499 83989 78272 90971 26310 49047 91550 56004 36362 
7442 13
88066 43972 51910 88608 83475 60742 75666 18588 31144 2411 7033 95694 84007 
733 19
79180 74547 65928 55817 10133 92724 86454 92955 49094 67770 13284 39705 83833 95415 80266 66261 76251 27665 5837 
5551 20
82686 16393 49872 53504 25876 42531 40140 2017 2528 42489 46752 29773 12935 96884 69726 2612 35382 99068 61909 30948 
25 13
31263 97951 69060 16523 8959 60620 14449 87786 28562 79583 26816 5898 87370 
8390 20
48266 32568 90866 60519 70232 49743 27709 87760 17788 1030 18962 42303 65036 90497 56049 83316 52167 9561 93150 44742 
5561 18
78902 83556 86943 56036 45745 22956 16694 89336 22333 19769 95691 60024 46088 77839 63862 88233 62957 66602 
6079 17
81771 76709 22024 15659 16853 61223 12844 49 80276 77000 36151 26665 72673 97034 49798 10997 51612 
8388 16
60592 7524 93028 57484 47698 5630 92996 25618 73436 40309 65980 93683 55489 693 70556 97776 
1044 14
36160 51997 46398 60239 72992 14907 46663 35191 60159 32697 94797 47616 2081 60633 
3617 12
48872 19089 74355 84356 91049 69277 65327 44752 40209 28124 23200 96141 
7833 20
80729 25955 81100 75439 55296 48921 27970 15040 77924 28263 13335 13413 951 6455 65603 28929 76171 17284 82706 96292 
9227 14
75128 54980 63726 67461 30542 98859 66562 42200 43939 38461 18981 17766 14391 27902 
9002 20
12124 62316 52024 39863 99659 57226 74681 13716 58943 91892 2591 14234 86336 42901 31122 49905 77985 34020 16782 37414 
6152 14
5991 75597 14160 6747 6315 28053 3713 71362 71306 94538 23049 16806 33034 24180 
3593 16
67321 47659 34994 54417 43069 98014 63957 25849 43298 28053 86790 93767 97806 4356 63730 56321 
7729 18
31058 43920 4197 6685 28235 5343 24647 15638 25440 16001 80885 54159 86053 72099 89627 31033 15641 74182 
8269 10
19008 75850 54099 99085 95653 40964 19870 92585 79907 38395 
4380 17
66833 38621 20263 43103 20565 52213 93492 61185 46072 82752 42963 18963 5229 44273 11324 45042 21474 
4164 16
44932 87460 4903 40738 31466 4947 83030 84170 91515 83957 13419 35906 32376 36802 5488 29670 
2111 14
8110 29311 26952 60105 10258 5996 38453 43759 41618 6578 6653 47961 60359 88323 
4116 14
40454 52495 28986 19149 61807 14922 43174 9338 30546 70766 67788 36488 41152 10414 
9810 10
4726 53684 95564 72649 33464 1912 53669 7955 8905 93754 
8128 11
27904 19960 98960 25117 78649 19901 260 53094 6491 95115 2429 
5386 11
87326 42897 18316 50928 65754 65753 47129 13760 46440 43464 4963 
7830 14
64497 66809 77190 43505 85147 52375 51238 50132 83384 41142 7133 21907 34488 89960 
3764 20
51167 71135 60695 26712 69583 56429 85103 83190 95518 6181 89748 33508 69806 4642 60792 75741 86064 84960 6290 76664 
2973 18
98433 14362 69762 34945 14497 37616 48717 34494 33853 25017 78862 12163 18578 33642 61101 99807 27393 75883 
4072 14
79313 24964 49199 82192 66899 82737 68899 72640 45975 20232 79547 40813 20136 27998 
6977 17
66128 71114 32393 32183 70449 97203 75975 1942 48057 34286 26326 50143 99975 16614 99006 17293 70124 
4397 18
58227 62566 1045 78149 18659 70596 57816 766 26663 88370 63839 47282 10042 41856 61075 22832 5263 27853 
9204 16
54110 63140 97721 30909 82570 41533 77844 27638 23565 14911 21536 94816 1827 15641 59900 60050 
9168 12
78390 5391 28484 26275 5688 22703 34540 96405 52598 81278 643 18334 
1303 11
57796 68932 10712 38393 16140 62938 61669 86784 69822 81156 81411 
7258 16
13832 49014 66786 73383 79746 53365 66192 83588 79404 33015 80630 60285 51793 58199 77350 9938 
4083 12
1959 71983 50999 17715 16089 52309 23437 20469 92141 43990 67135 3262 
1403 12
68456 60650 80403 10231 55951 74162 58077 59518 42019 94238 8000 40767 
410 17
86274 10196 75795 88539 51626 62165 16982 47334 2155 65641 41174 80829 36890 58919 78865 97393 2897 
3134 20
85767 66699 78031 24736 34939 57795 85527 51206 76660 34373 79014 76719 48041 49408 57609 35068 56152 67351 55714 96407 
8404 10
38866 13529 44882 96954 91728 82120 37115 36801 13368 58196 
3737 16
47737 12565 21407 59688 21489 85327 49181 88312 43158 84845 70424 68991 43515 34756 12217 59149 
1241 19
35438 29536 31753 22364 6017 32832 7283 25953 38480 34500 64170 99029 58465 86125 90313 30381 47856 67054 33262 
5426 16
19950 72585 5925 89167 48107 8856 28081 75702 80783 45328 51907 68419 80817 72459 55517 94840 
1110 14
17878 11124 94775 82667 46345 79216 63840 79109 81924 52822 31146 46752 76657 13971 
3369 11
44346 38612 50739 19956 36496 1077 17204 15038 49076 61874 64757 
585 15
95338 68035 47000 10728 58239 22158 90553 78187 72114 28778 62068 75655 7897 40085 98225 
8392 15
69215 80643 41824 29951 42060 96946 20066 95714 99981 28228 2231 32513 96203 6519 36885 
5761 20
82127 17367 70757 19707 82537 51586 13204 59747 22202 7101 10195 90886 9465 90546 77951 83633 58848 84117 58793 49440 
3164 12
49782 69313 7633 67484 32687 31190 72596 61670 77109 97316 31033 66562 
2119 16
95209 27592 40627 84550 88212 12283 45675 4940 23288 39745 59456 47154 93238 76818 34485 10162 
9461 15
40413 16352 8414 87580 40090 63315 44422 78587 19856 35751 87140 4073 29586 1827 9925 
6597 10
53302 92021 15458 88275 7440 65480 36057 61254 3198 97363 
8138 13
45672 77636 96157 72141 20108 36224 88287 67623 74246 14820 66280 42854 13542 
832 19
86392 4567 76482 42719 26078 3870 29746 98497 54441 53142 17213 44419 85275 12923 1489 29059 75680 89198 4118 
8427 15
82839 3442 82993 79441 50819 98543 10276 3291 43211 79329 33516 85828 63169 28841 85437 
8869 14
9550 52124 27848 50700 62772 25250 53509 82758 38328 61039 49369 13964 87161 36087 
314 15
44995 63165 1523 50012 93867 60167 10109 59963 22302 70539 88138 84531 64337 92456 64334 
1960 10
15752 64186 35270 63258 67313 71320 30379 90691 79988 13869 
4055 10
72834 62326 20119 24286 37116 46505 87860 54818 22090 89428 
8818 14
70211 2506 42040 94583 27965 98773 62386 95488 86782 294 39943 18827 36626 40659 
9017 14
14022 5712 19329 60058 26768 91709 91072 60619 43329 42812 80430 65630 95557 91892 
9775 18
63160 77110 79094 61448 40064 65172 4152 7553 63112 58834 94834 91818 77427 96993 74620 51106 75873 10071 
8958 15
35279 60861 59386 63505 55120 9150 19992 60567 12006 406 55618 56082 37144 68824 37090 
4170 18
62164 21707 9654 84045 24690 13380 56800 8546 78045 39584 22287 3723 62841 52006 1918 83717 80354 61321 
9028 15
90292 33839 37017 70946 18377 69008 75877 1506 27682 83450 71195 51723 151 85016 9170 
7644 18
71355 59212 43396 26476 97054 43063 89347 11830 22370 69898 62560 79845 7510 37473 86800 51970 14944 14114 
9992 17
12834 18310 50037 19245 84675 60898 94642 24118 65697 65970 54487 21906 63811 2448 28487 11896 97315 
1939 11
23542 7946 68505 30426 5946 56298 75122 87958 83143 28572 18390 
5990 15
24991 72817 8844 27750 46525 27051 70341 24689 63765 55817 30267 71709 57778 17515 35951 
7666 19
59732 10829 71368 57985 62577 83744 69744 43543 23158 64442 72848 74893 4587 67198 12676 35764 6528 7657 21917 
1878 12
48646 44655 11468 55740 98695 28574 84076 18070 95668 54475 33312 39007 
2086 10
64126 8855 71240 69080 22534 50175 10082 21483 77395 10909 
2830 20
43765 2816 11521 85802 24754 93477 73779 22923 69904 27169 81508 52506 62515 66058 17347 3571 50999 2023 74125 65030 
3324 13
56075 98469 49851 65658 77126 27589 63487 16067 6316 63905 23321 29258 80630 
3799 12
88472 11880 15914 61032 80779 19530 15463 58789 51969 39530 10226 46694 
7512 20
13473 35094 32530 90572 74 60390 8122 88722 45226 26310 25400 64121 2705 76456 76140 50060 93792 63912 64757 50160 
6076 15
18577 66935 73316 90393 50101 20059 10124 8076 98737 12702 19881 88709 16963 31939 20161 
5849 19
44926 97553 2889 49834 1608 99523 19152 80951 89578 13806 79817 45671 11766 45652 15950 15196 75944 80858 45274 
4684 10
57563 82189 25207 41616 14547 75207 46343 58392 85546 63262 
9391 11
17410 67200 51622 56590 37406 12673 48957 72721 48509 39802 13629 
8261 12
69785 14258 91973 52714 78430 13211 4423 1120 4281 93877 36050 52458 
9200 18
49335 23736 5786 40998 72874 81025 75076 94798 15517 8628 90870 59635 13319 23611 21877 86219 26733 95783 
5942 15
16285 75667 38755 28518 97150 13868 4449 7265 36810 46122 9609 62284 84071 71138 6297 
3027 11
93498 36246 62107 72139 94987 686 7709 55443 30048 26116 527 
9934 14
85896 48939 61475 40644 33290 12599 76048 31611 62769 13865 42785 50954 26078 74498 
2535 16
91013 214 6673 42348 31798 89687 30238 82376 74586 69875 70731 11668 91069 13128 84923 71440 
3094 11
10417 62188 96483 19811 72753 41836 94442 70804 91141 26457 4876 
3874 14
92240 87298 59828 1910 47125 99161 97508 78658 9095 51644 59962 95847 7225 97819 
4215 17
2736 46303 12790 25445 67456 4969 89433 21730 18783 97864 99574 71012 80542 9327 72899 23126 64071 
8366 17
10967 92987 6347 85671 83581 90808 28568 65423 83744 42380 48329 53228 69000 87384 57116 42059 38146 
8839 19
73517 25692 11548 81713 17418 13780 15830 48420 62467 25978 61444 4964 93992 66404 24954 80409 76776 79479 30601 
9507 15
61625 22639 37861 47750 82357 43700 76685 426 50520 38469 84733 13243 107 46675 28393 
2257 11
97877 24086 92596 8041 53545 37279 49709 35380 83071 26567 44184 
6001 17
73661 9506 95049 15542 18285 21401 51208 23407 2465 79879 16340 79986 93593 50160 49955 68073 44179 
5568 14
11989 11333 83113 22644 66563 40116 15721 70548 86322 65855 72568 17432 45053 67294 
5437 19
62156 75118 39244 58359 40517 90727 10326 29133 63416 84137 94845 70941 99313 49865 37541 46209 19419 78972 36537 
6679 17
65843 80781 78144 31872 27102 32194 67448 47119 82681 29223 65611 35817 72151 55721 83887 36508 25368 
335 12
47002 37895 51965 80480 93125 67888 94501 37203 76675 29236 14122 96982 
3472 12
95870 28175 15701 98875 54738 92424 587 35120 3501 1105 59977 99557 
6634 16
67365 2045 86293 95224 48981 14480 10566 53104 20397 11963 14221 73348 76078 19258 92692 20489 
34 15
58167 89682 54026 6351 88521 37051 94768 34868 27800 78776 95869 66243 97750 22903 83619 
9809 12
81683 14461 7458 76882 23774 41078 91995 36806 57612 8225 23340 68260 
7674 15
13561 33430 85631 80350 96548 34604 83532 92671 99203 38030 40955 22822 96371 23230 48355 
8101 18
7489 85863 25853 69595 18975 77330 19326 27883 9825 44892 4386 46390 87425 8586 96290 69837 87912 11981 
3507 10
90321 1983 45935 12840 39656 78255 49256 55491 28944 38983 
6924 20
74778 914 11872 21608 71058 321 26289 52515 72444 85194 99091 35243 17326 79063 72342 74130 79444 28224 63846 437 
599 19
77874 11155 2772 84613 70241 95277 65840 91700 89722 86730 56373 78333 23800 12746 20019 87674 25834 77534 87928 
1478 20
29736 56764 16091 59763 94114 81910 89956 95287 31959 21990 70272 40915 99281 3165 94760 11030 44076 88154 29280 16541 
1899 17
1716 58204 57857 60303 62989 23284 27669 20237 38591 18414 54589 9339 3380 93748 42150 32672 25893 
897 16
3370 89915 30177 19537 90241 44446 6362 92813 35768 31964 64407 43187 62212 13632 71146 85252 
4086 10
90228 77228 30170 66900 78895 14904 35575 46771 4242 9796 
8122 10
93479 6121 98957 22757 55650 99042 93036 62802 53274 70857 
3871 16
38562 93037 83757 52692 98821 34264 67022 93465 6198 67314 86380 2283 29774 60672 68647 36057 
5835 10
6703 24979 78040 48697 93568 89745 67862 30382 93577 73781 
7804 14
10549 42228 90637 40986 71461 30002 72232 51995 30785 50894 3827 79845 55552 65230 
2329 12
19110 29778 26570 41841 22363 63990 61537 66853 32615 39794 15360 40712 
3632 13
34962 42140 56974 64088 60329 55839 31648 46997 91017 73286 94062 87037 23357 
3771 15
50067 52795 91814 25515 88728 29084 76040 37818 68262 61793 17287 36790 890 82940 84474 
8521 20
83416 3523 9525 86004 86374 52981 5922 14317 64176 66555 55003 92700 98065 75115 49863 6293 72412 94592 45102 53094 
336 13
68306 35413 33376 69547 45101 95097 20031 14879 4018 708 4456 78480 72530 
6733 13
49628 26945 93077 29486 40005 89258 95617 15119 99115 16580 22144 43975 37530 
984 18
5364 20155 38364 55512 3149 62866 64584 78657 43392 10131 43599 98443 26821 73305 3243 29093 67207 99627 
3423 15
62122 48157 33003 39312 39192 27132 58117 25385 75475 88752 26412 4815 84195 82192 76678 
5172 20
57499 6742 17102 71104 51447 78612 4624 57587 40985 22553 52269 863 45727 70466 67828 52564 24432 8430 5955 32583 
4402 11
59661 92752 94612 56187 28026 12941 47813 15847 31459 4185 77337 
6388 10
25759 33785 70658 57679 14052 78503 27325 35798 21305 6068 
5471 16
92558 62953 90653 65498 64136 60059 54303 69600 31354 85226 14515 67905 44193 24670 33430 70949 
3792 13
75482 52065 92435 47166 8578 9826 66718 32753 82939 98249 1767 52854 1063 
6442 17
71791 20785 38770 82710 27191 83160 36183 11172 11660 81761 25017 71284 73213 69280 6299 52025 36383 
7838 17
41456 4101 76370 81182 44332 23853 32256 34832 80912 23441 11511 59223 44970 67961 10875 34154 3645 
1743 20
50750 29366 24269 20821 94296 87627 76602 11480 65475 23621 23004 12591 50948 9692 89597 68503 12481 24247 34912 80002 
2565 14
13699 60170 67723 1357 98444 31243 60023 92265 98761 53394 90677 45078 1581 77450 
2991 20
69656 80187 82300 71546 90602 18985 35481 85266 38343 37961 36568 465 60312 37044 11897 44075 3424 11800 5604 16259 
5811 18
50897 85320 73954 99537 17872 27102 45346 74209 25826 6893 13126 35642 30850 72936 74557 1668 97719 72787 
8137 14
79951 99971 50711 61271 57208 93445 17341 45335 4070 56364 17619 23685 376 92511 
9336 15
4034 31985 50935 89465 18601 14610 7095 98817 70375 66404 76358 77454 95682 18473 69072 
3347 16
67037 27081 63909 39798 18047 79488 73956 56624 46296 58386 73455 86885 88907 63417 24924 42963 
3211 19
45273 23753 51082 33432 2888 60062 42423 17693 75480 74216 80958 57344 21718 71341 93215 87303 890 8863 61302 
5171 20
35832 10543 49129 52278 22050 16578 98516 58294 71222 83485 53013 72316 72825 8111 31258 57161 32968 59834 30835 80163 
5193 15
57071 60938 74255 84756 69331 32326 55715 45002 31968 28848 89721 78377 21798 78706 36532 
7280 15
80899 93565 38742 1658 6392 55355 35081 88372 86327 24479 5116 2535 35778 5917 4380 
4919 12
6006 74860 92830 19554 60469 89104 98753 76319 30015 24316 82160 97559 
3947 12
40480 46971 6863 29341 50385 18930 92530 97418 12650 55870 70178 21316 
3766 11
41609 97610 72504 89793 22781 23121 53710 98159 24788 52837 96098 
2837 13
94003 70238 35309 91512 50798 50938 57761 99704 42141 60348 43769 67662 93926 
6349 16
96766 96477 26165 92433 26540 26396 82010 21212 26147 63767 78121 4120 93970 84043 34113 17469 
3883 15
44369 73083 48709 52270 97903 42944 33589 73176 81808 51928 60726 45299 24416 22713 99574 
6418 19
79744 91998 14997 75744 22844 71901 82879 4176 77682 96150 7124 57577 3708 39035 55251 81382 99717 36770 55802 
7191 14
5609 55252 35312 60405 33140 19977 45325 39828 86154 55622 12118 20961 84098 97099 
6850 11
35459 87286 80685 99700 50099 97265 88496 52749 64835 57428 79264 
310 15
56999 58340 2192 83307 9345 99948 14930 17185 18449 27463 22665 91758 75665 53010 47216 
8422 11
49918 27526 65703 1290 62578 70695 73609 32319 17780 27225 71702 
257 12
30468 7848 40565 48541 88115 10011 46943 43841 23752 50651 35009 47090 
6211 13
20956 34066 75386 78921 31699 27025 46219 72959 68981 33762 66169 71222 98515 
5547 12
3379 49370 9153 50578 71951 77720 79694 83536 5500 89992 77659 35887 
3998 13
4051 57688 19932 94628 30958 88054 71934 89508 97779 91337 53876 50288 64979 
521 16
7326 85149 82837 88648 61408 57801 53166 35549 4233 76673 2059 2254 98259 11261 80393 84559 
9392 16
92031 41583 14097 4218 93839 50804 60152 94867 15826 35946 95834 38506 12125 16853 17618 61886 
8773 11
56192 85276 17779 57468 75291 13380 36647 89908 40334 5104 33557 
2552 11
58300 8695 52282 682 56745 93487 53016 8988 6884 33606 85285 
1420 19
18028 88102 76512 26410 46426 72371 28783 20791 11526 74425 89894 27803 24206 24401 80524 39276 82035 1597 84686 
969 15
94144 29407 11375 16352 3560 51351 90538 36205 24281 77890 38137 7644 4938 6800 64681 
1464 11
10968 70201 32197 31005 6964 23162 90673 61212 33607 32384 40376 
1415 12
60818 59570 36581 86353 12331 89423 77295 67311 83073 18746 11057 35560 
7042 19
72464 94727 60582 38712 49221 42074 18110 37687 77640 24343 79123 87349 64879 18938 92896 10231 1911 27467 69648 
4986 16
52927 44980 66917 22541 36753 25224 99737 20097 54419 6363 40099 1414 63605 40128 3255 82988 
6209 18
56753 98836 65669 42256 55237 83615 82572 31357 73196 94080 60849 50002 4689 53650 4248 4664 74403 23915 
2115 20
57393 56546 56731 70698 30329 52372 631 44940 67550 82299 50089 62652 3811 72783 99988 28285 99970 40196 36470 54155 
8198 16
58483 51113 41823 48942 92622 7524 79594 26204 59495 66286 88933 3079 10738 20928 12267 96298 
811 19
87847 66814 94207 33777 13093 7006 32257 43056 36628 60123 25691 58470 87977 84120 18871 50881 19254 11148 68738 
783 19
41389 89896 49971 68715 593 99401 50900 99706 63943 92020 32306 2958 85759 67862 55062 14838 42106 80409 18165 
83 15
28287 31628 96069 13463 68141 83179 41578 73003 72666 65409 43912 85294 80483 17989 20825 
5896 13
53833 50877 6549 91507 35109 1633 60851 25352 25822 96973 42871 5847 88504 
2203 12
42602 65073 14411 68082 49582 2832 66772 70622 71567 36938 79583 60445 
9752 10
3775 27738 5944 51247 27133 43989 97353 55576 19038 7306 
3667 10
69139 67393 13608 80618 18478 62143 41337 31002 88836 84363 
360 10
51762 9390 19893 80851 77074 26241 80824 30215 31367 18869 
8008 18
50829 61943 71377 35381 38386 86370 33914 37017 69382 23597 3839 93520 47538 78600 69813 18070 765 78634 
4231 18
22830 28 33514 26108 7049 93013 6070 81509 17548 90565 37715 21764 83453 48429 52359 96225 68464 24035 
4011 16
56544 17556 27377 93247 91863 45199 27333 62780 91367 19886 25444 71497 64750 84344 95834 37512 
1807 20
7847 89163 92886 86753 99187 55560 77216 8010 93474 60598 97929 63275 39933 49334 74681 48294 88360 94259 88738 90073 
3529 10
25057 75927 92291 1810 65857 71227 36293 31928 3068 80431 
3626 18
48568 88247 43673 83171 12872 93140 35013 93048 64512 97070 18769 71046 51156 44095 71871 36207 60051 47103 
2778 16
12271 53630 95289 5212 6688 13424 64301 10732 75312 7237 11107 5981 66600 92159 95839 61039 
2126 19
83515 91307 24695 33272 5152 15433 2994 39045 37437 39158 79908 46775 18221 80042 75921 92653 6266 16653 14772 
673 19
46508 50079 73053 37068 58881 93437 29444 44256 17215 72520 96349 42583 92933 59134 97092 4694 20178 65306 74144 
1489 10
16618 84676 18780 96446 10960 68669 6539 98757 40236 89091 
515 10
14908 89148 50616 88571 86261 50076 14317 6102 54890 73933 
6289 10
25275 24167 11857 93353 80833 67445 63421 9609 37646 757 
8093 18
53286 89863 34533 70998 1934 22993 5675 84931 97945 3141 17236 11320 35669 93112 15847 39976 46747 18541 
3192 12
48592 80379 76950 97915 87211 93968 30196 36237 2209 96441 37464 18494 
8843 15
75867 62185 51046 82538 58949 39604 56130 30128 41602 50624 78685 41879 26685 6612 4463 
4430 20
44228 52219 68883 62452 55012 81339 1557 92534 12679 11400 37523 58755 14462 3216 73238 80369 36836 80658 37464 93730 
3218 14
97500 95143 59691 5162 86848 37840 23072 1010 46846 52401 55521 23405 84101 65795 
7071 11
32802 54358 40860 49768 83596 83688 61317 72570 93910 67657 28620 
7296 14
49203 9476 77828 11285 79028 51538 32866 33372 2547 23355 36981 54115 12073 41134 
6464 18
71231 73743 7568 58880 42483 37271 70117 78557 88610 84763 73781 7421 66338 42093 51166 19163 8972 49221 
5530 20
59366 81846 95967 8809 70492 6221 15173 36305 78721 1436 94165 76723 3036 51062 81028 71384 59019 19170 38569 28038 
4398 16
59630 29918 79383 6175 75088 92429 1839 91995 59341 65777 58223 29501 72267 81038 37258 68863 
2269 20
24443 68373 36013 13151 83406 7341 54550 27432 77141 37632 79711 60244 96431 48995 25367 54049 21349 16400 77337 96225 
6665 15
21582 60207 88816 94640 35658 31325 78328 50515 96148 14148 67942 49364 20270 15422 90309 
6612 17
61274 3698 90289 26840 91424 51976 11996 22393 60509 64075 56700 63998 56585 41036 1584 21810 53430 
5269 19
5257 86823 38405 7929 27223 50139 41417 24854 55893 39365 9236 61193 26048 34903 79595 66959 32970 84148 63780 
6423 19
6832 95350 40246 64766 51462 60935 7116 18339 95909 10228 16915 59936 77451 23991 83681 28524 9657 92164 29438 
7822 13
66124 20701 68283 51399 48849 550 77976 74828 15773 45966 70296 75535 86967 
924 10
30692 63681 59119 2009 27088 70719 68117 32869 9573 2345 
8316 10
47223 57841 90133 15930 71145 50564 88459 16936 35067 94677 
6237 15
50591 96515 57855 59450 91042 14727 65844 44804 39697 11327 85750 99963 35897 47326 10342 
4001 16
65591 79390 21650 90042 8528 31140 89416 77141 13030 81051 13888 97667 19280 51954 45852 29890 
5668 11
50980 16157 51313 66577 96666 78751 60769 37264 64684 6203 41952 
7450 10
33548 23131 22218 97960 87177 91580 42922 78642 15695 3796 
339 18
72357 46187 86688 55575 13498 17915 37593 34201 88088 79228 42160 36061 77635 69372 43697 52082 19998 27942 
2268 18
82754 46685 17071 35862 16826 45035 16134 53492 78188 49584 18519 30371 99746 7877 46809 86866 38861 37530 
2655 20
5767 89725 57456 69053 78284 79903 90550 80016 64957 33581 81355 55319 16138 46808 83632 68865 84924 18033 20397 29910 
3955 16
21941 21980 96437 13169 87897 76480 48803 88248 62354 9607 77965 20670 6022 38251 63838 48400 
9562 10
90086 43028 78801 6065 17388 24074 73374 66324 82933 54582 
6134 20
15983 46847 8314 28511 15130 16441 88845 58272 14464 20223 3 93362 83989 72197 54442 53746 59575 21341 84770 17304 
8663 11
9850 6134 49876 17711 38608 8726 60655 43539 56195 97554 87246 
3915 14
63550 74117 30953 72951 67403 98284 45917 98747 55918 27006 83261 59016 60639 74855 
5999 14
50054 96427 11566 21000 10128 59137 33623 70701 41739 42056 75402 89070 75664 69509 
8447 11
66747 61640 48818 42675 5819 32208 27837 72714 30631 23489 69837 
8236 10
52580 93640 91595 6009 71801 11569 29760 14396 86977 68383 
3684 13
52341 81144 64184 50494 13979 38487 36274 73767 66179 75138 65974 3879 15994 
498 15
38688 4651 75135 77897 72849 80075 85390 95302 64733 90223 11241 74383 55274 14276 84687 
2240 10
4273 32689 82465 49021 59757 18272 38090 94801 26416 18780 
5 16
30091 90613 70553 14459 86009 31929 47081 98759 83777 62891 34776 32713 69906 48874 41431 85820 
5285 15
66260 64457 2419 33018 669 88880 26087 31780 84286 17578 83059 67607 41032 71759 39323 
3050 15
17096 7507 80440 31709 57053 89911 55851 69020 50044 41617 77035 20053 63291 14042 20139 
5654 18
58774 83268 59164 47669 3479 42559 55252 80070 13720 26060 49319 26456 87670 89846 8560 10907 3565 94010 
7499 13
26531 51896 41222 17602 31954 37774 84968 32669 19177 33465 73227 9796 42663 
9124 19
32653 62522 44053 12780 20981 15298 21421 94572 92274 43429 79060 12191 40886 60377 72526 17411 92903 68026 15162 
2671 12
20662 82516 14228 14101 80477 44181 37061 50145 15463 90416 35286 8859 
3622 20
17060 22725 24612 75569 4741 44900 90636 17987 1945 95080 89331 73330 57909 42567 84960 76681 66237 80674 11707 12239 
6769 18
94055 99340 45981 27316 23487 72603 87382 43023 17968 14492 45307 42007 71709 57011 32405 90677 7510 26607 
6239 18
59596 26885 57560 27871 81944 635 50373 31844 94511 77607 16312 72953 45378 79224 50310 40704 10636 36532 
1824 17
63962 72932 65226 18005 15316 59120 8572 33502 30186 29019 46666 22845 80885 24816 93300 81351 60722 
2824 13
97295 55254 14508 7772 72587 55607 52131 46614 91273 97960 10632 59793 87607 
4213 16
28342 79678 46208 9895 77531 20152 29636 84254 94145 26825 47974 94775 24738 66911 16057 30834 
5585 18
52702 96805 21281 21611 3807 88662 32575 22256 74742 19380 48826 54001 47944 7655 8062 7109 82005 72826 
107 14
13672 48205 18315 79550 11429 82899 92509 52031 50847 11806 33607 321 2626 61850 
9889 13
17833 75279 70722 33093 75653 99860 32305 47077 55108 39701 28851 71030 29752 
6609 19
73426 80532 78614 20546 26726 84281 22173 64281 69910 76612 34525 91760 17782 62769 6635 40813 44884 8037 15824 
9667 15
59887 70655 90180 43833 13401 16180 54762 66302 36504 40011 56222 94791 50609 66630 20501 
2908 11
20969 46658 56188 41295 34005 84953 56549 82047 50659 59140 9530 
6188 15
1470 83244 6076 22434 63904 53838 37085 21435 82998 31166 45607 40909 35967 81763 98498 
438 19
35054 35391 83889 99274 42082 60434 89610 66969 32649 15813 66175 69232 80223 38629 11330 26861 63712 79345 27092 
2049 17
58646 3273 35266 22890 8094 49714 9086 32306 75571 8173 79668 98753 60204 13521 13156 8782 20983 
9574 19
47383 78540 32523 58606 15704 62810 5934 2343 46276 65428 97499 58472 30215 28041 93797 10510 23994 99574 59397 
3290 18
23482 90740 18661 82662 76 33484 84907 81172 93512 14447 10959 43961 28385 91742 17413 79759 3676 9508 
3394 13
15939 98924 39436 95135 2863 10310 10938 58482 64967 54203 81118 93786 41598 
8412 13
65076 96599 47400 71832 88384 63364 69818 3224 74206 48935 75065 3302 38169 
1844 17
67733 6335 3226 28593 32769 92028 98585 22883 95886 84941 69508 54363 47525 67700 82730 19179 20577 
993 19
15551 73163 98571 5913 82869 98506 73605 93522 37640 96099 76936 62743 2896 1939 61584 3923 81791 83276 65658 
3201 11
14868 51060 30259 54824 99450 62462 54403 89925 8566 69498 86729 
1752 20
83265 63175 97137 34219 226 14251 30714 32922 66285 6294 3970 50923 67044 88425 14089 40002 78980 3907 56345 70743 
7726 18
79952 88213 63936 43404 29087 61424 27 9587 82992 84050 51359 44524 91734 52019 65491 85737 44950 26720 
5926 15
78192 35943 97132 40395 69838 52752 71833 66234 18542 86784 78639 33209 87561 34786 59526 
5289 10
47566 24795 62287 88023 66836 37565 54067 74067 52704 56230 
9302 18
39129 31657 22657 44023 23442 15916 16179 83431 46052 24685 20060 6648 85456 85673 38601 8397 43289 35617 
6246 11
12292 77570 35090 47975 28024 68475 9343 33834 52410 72842 49176 
8572 19
22464 23157 61981 12537 5616 91093 88489 93536 11908 69201 96767 82427 99978 54514 29877 35534 83108 64529 53430 
9596 18
36022 62020 28257 46877 70628 92897 83745 68283 350 58817 6407 36722 82845 52255 74803 83441 51612 24317 
6355 16
97645 33872 20133 17030 41965 31177 70258 84084 65387 94618 50907 56480 62766 44783 91485 10185 
3129 12
17512 90576 80444 89159 12663 82080 30920 97328 48444 43185 1713 18267 
7515 11
77803 13034 32060 61005 1370 63763 32430 27885 5656 35357 85042 
9266 11
36294 56308 35622 41799 23035 21046 48502 43016 79672 34632 60879 
1014 17
62913 33578 67950 21950 76791 74625 41197 77146 19587 30283 65429 74634 46274 37599 27325 55274 7927 
2162 18
84861 17961 42376 93034 49668 54504 31401 81932 31645 54449 81610 63614 66269 44531 35593 34879 33165 54155 
7462 14
42276 20559 33266 88593 40006 48573 2181 40274 90555 21703 87495 78618 66035 89794 
6374 14
19661 82233 18203 46438 73713 74859 90465 3336 29970 96364 39290 1683 1633 61458 
5254 17
7143 3033 19128 56441 56823 12758 86005 36272 77475 41281 16734 28576 76406 56542 54325 14429 37471 
2984 18
59464 911 15268 37544 17016 71432 77802 99933 98914 36968 52854 2953 63935 20223 1455 71546 74210 65932 
8649 13
62417 33636 26555 89832 68823 89830 30396 61716 94712 25295 81110 53719 45589 
6980 19
53205 95986 5705 5817 40284 52865 46236 96257 55463 23837 57681 25220 37419 92148 10247 18909 86902 57447 345 
6340 13
8151 46063 60749 56010 60207 13455 94994 83042 4957 9906 53228 35977 60536 
1952 14
33240 12985 61733 63474 90973 71355 57365 42604 91043 43701 96773 31511 41925 80224 
8841 13
68411 72659 9894 84550 90949 36520 56422 51934 17203 60487 85002 33631 20256 
2293 14
8227 98604 92725 34447 43317 89524 9744 56425 61028 73439 45466 66863 88376 61567 
6236 20
95663 85494 26472 37495 72514 49075 71100 46152 74537 89773 67257 43916 31748 88550 21997 97316 89336 89011 6736 23755 
9143 18
49178 60772 25932 85265 96999 88929 57260 48011 66006 45158 13122 91287 52799 88337 40948 67560 69322 42356 
9641 15
13853 91498 39752 52231 95066 85065 90634 56583 91071 46240 77591 78078 79147 22138 79482 
4749 17
81797 3103 1428 44007 75299 82221 39743 38677 16155 77302 56596 21535 13811 57605 26268 61905 24773 
9676 14
93929 68280 70745 14601 92518 43234 24654 24519 16635 14940 94138 52718 89472 96170 
6378 12
50575 2759 36286 25257 77298 49726 73365 11653 42644 63749 85709 97554 
2350 12
44605 79745 18392 70 20453 73379 92186 31049 36697 36280 60978 19798 
5088 11
16112 71975 92961 22085 71470 50196 26890 1326 17693 59896 61135 
1742 14
94839 14368 33803 31796 57061 17314 56059 84870 41731 80433 49286 94946 58461 55744 
8890 14
63102 98464 6725 36749 26620 15643 79810 5858 42631 29939 14151 30752 3650 96640 
678 12
17194 47386 33440 94664 85487 14878 84236 68211 8939 36725 31520 47622 
2585 16
11139 6786 34582 6193 17454 67056 1673 33351 2636 89694 9928 98609 18339 26261 66719 13156 
5525 17
53555 73677 985 25763 93457 28392 3297 2694 75965 9905 60775 37553 77308 51593 64360 72008 91800 
637 17
31175 40066 33750 57881 86656 63248 53337 62392 69260 85689 55018 36630 47643 27172 76965 81280 76310 
3467 11
56363 90590 36992 89685 28997 4713 48225 8128 78552 35798 7214 
682 16
6927 88473 57490 93357 68424 32681 90207 47847 33000 75338 45690 84194 3557 67458 97980 44613 
3818 19
40684 36133 82884 85029 68854 77664 75954 21513 84791 79850 24980 88240 30574 63719 98521 37897 825 55017 96670 
142 10
52504 27708 70926 25320 23765 72905 29870 41397 44876 69776 
4891 19
4167 68083 45691 95816 4718 38593 99788 23732 49811 28246 4689 55497 81515 23737 28267 28857 74078 35489 42432 
1550 17
46278 95024 53781 68279 27391 76247 9830 96794 40400 39689 33528 55633 94711 38858 3571 32205 18735 
2427 10
42610 2173 20418 93108 69666 43798 20810 28599 90369 88118 
4367 16
8973 17724 83811 27337 16329 55056 83027 65627 87161 21917 44992 72896 92503 62775 17410 69318 
5095 16
35594 2442 42635 10740 9341 35743 34202 72588 57603 23429 49580 74182 17113 54888 95402 73565 
5272 17
37152 6228 14946 18631 54677 83652 26000 52185 44610 49264 37519 37339 38740 79790 8396 50995 82744 
3842 10
10751 59453 27533 56888 17500 78320 74548 77934 12400 8859 
7987 12
54411 7106 19943 44951 83873 25794 77014 10682 25691 9875 17843 22739 
301 11
32502 80619 27535 97084 59599 12478 79443 51829 97823 43797 61545 
296 18
34006 9523 18247 53679 13112 62489 68972 13780 34131 80421 20885 32470 44461 7083 5286 95246 70315 18353 
3623 13
51326 2417 10805 53344 56935 54320 89642 75668 18974 50416 23510 13622 74106 
7662 10
27790 81018 28245 93983 53145 94080 92383 47131 97709 58105 
5281 15
10224 53940 29553 60825 33046 22276 14677 30916 92374 85547 3255 85487 86086 5775 99717 
3892 18
94948 62900 99035 36386 32622 98800 67317 53692 80893 12462 22403 87941 92764 20053 71082 42265 86775 730 
5156 11
2718 62996 71747 32131 49531 52173 90351 14426 92323 60653 93074 
5393 12
91217 18262 10718 35666 89816 60745 47244 51966 8062 66121 59661 51831 
9432 20
98418 17858 2249 95835 11634 56335 11793 81542 96975 89583 36104 29522 34357 42127 82880 69921 1915 43546 16250 76675 
3212 18
84954 75898 88095 15474 4550 17702 36599 26592 29924 98398 9199 703 85403 3318 17078 55051 44512 88836 
1731 19
95703 43551 49365 6756 68097 26239 45653 9773 62603 84056 88863 26296 76857 40693 4499 44982 19645 58646 2408 
5630 14
9807 76596 15318 32621 69505 81208 42676 41158 71499 3638 20951 14840 6924 41045 
5847 11
22601 64299 22096 17810 75122 72568 9141 7677 21172 13962 42790 
9517 15
64422 24720 52964 61144 91100 97001 51558 97254 65632 58949 76115 88018 36928 25943 41155 
2079 20
87837 47464 82091 81842 10174 87813 60294 49627 96654 9323 13037 65350 3333 24382 87657 49369 72866 22275 58472 18985 
3459 20
24874 17120 33307 1678 87515 77920 25755 8575 57400 71217 65964 22522 87562 10876 75515 55157 53358 12206 28136 97886 
8259 13
58106 50849 97998 88886 5506 94676 10457 38499 22088 3059 39833 40306 17142 
4068 14
46190 72005 57186 93308 73470 19220 53856 24237 64187 75385 48269 53021 79609 25918 
3254 18
16018 91770 7625 31863 31947 67333 36659 73943 9197 73371 39232 34267 57953 31018 83955 2431 42335 37406 
5950 17
30523 91878 25452 85222 42850 84196 39675 63389 1357 3008 8827 2055 79797 78148 13810 64882 14756 
4014 10
96015 45552 89780 20704 36549 51144 18497 62085 55607 39304 
9305 12
13544 67681 94107 8333 95658 90253 82515 44751 20930 62607 59824 61850 
5159 17
48536 91427 28051 72289 18426 33771 44456 66428 35207 189 53252 96577 68138 21122 14772 40507 60365 
9013 20
64716 79910 28809 63012 23750 45327 56101 41657 88859 52400 75957 46927 97195 33431 73728 49605 56551 47364 92583 64041 
2151 15
67340 42867 61360 57231 12005 32336 21836 89199 94655 43102 81858 90935 66458 18408 27306 
2109 19
16081 43212 9177 53017 31327 69361 84424 59548 42324 19152 81350 39183 64071 53156 32541 60640 35173 12460 82880 
5458 10
21729 22777 75330 98 29942 80526 54394 4456 76266 98801 
3074 20
26264 37009 82820 28384 88537 32454 81360 92498 88267 63173 40967 1016 21746 72959 24574 61127 15175 75486 45069 61306 
9701 20
25174 1052 31395 1525 2818 65966 31118 91110 27268 62016 15781 68342 51074 72243 83698 82937 86794 8094 8182 15834 
8363 20
86460 8218 10067 75160 22066 58215 4338 52197 95698 19297 24495 79757 77027 90492 421 13267 21457 17958 21268 12905 
4100 12
61020 51164 35103 29972 18669 73240 68742 80240 18176 87147 44205 74854 
3065 15
88681 27791 57986 36925 57679 13897 46943 78668 9538 61023 72236 54699 57157 18806 67243 
7534 17
62332 63250 6159 57589 57846 65621 42500 96584 47444 62273 75223 46911 12910 70731 15974 60646 23357 
7159 18
84649 1623 78410 34573 39578 7829 53138 92431 72887 79578 99647 89347 18427 38087 4463 130 66644 84160 
2714 15
88095 243 38324 18199 16027 61915 26672 88007 1865 30171 77069 60652 52974 20559 4870 
1846 14
46687 96310 88545 90456 1576 45443 48915 33501 68503 71831 18047 96807 59613 76664 
579 10
75165 62224 49017 45252 12219 42065 66917 40520 67171 71023 
1269 13
88351 43551 69219 42034 83339 16327 21019 83487 65460 84144 31493 65737 7718 
4351 17
12710 39778 19361 62473 29015 91438 11978 63437 46872 74284 38794 79471 16849 87581 46112 55224 69918 
9070 20
1833 26864 95623 34749 50741 79699 28391 78692 78830 48849 95459 18941 18933 22344 46400 41616 78622 34078 12507 12301 
6285 15
96251 10892 26159 62169 24073 10521 32485 41241 94245 93151 86520 14578 86974 83809 50044 
1028 10
46773 88525 48004 4225 98360 44539 92049 6622 77170 60552 
470 20
71140 58852 34110 75916 85789 50532 7128 84614 34263 84652 65050 83487 30681 84978 60568 54586 72655 61793 42465 72346 
4661 14
81257 81821 84872 10589 17597 21867 13396 3276 24216 72713 97597 42756 429 51616 
6805 19
87313 8175 5852 12320 4740 21120 63182 12103 83178 49444 83935 6252 7080 72651 96088 51279 20240 85071 59020 
4742 18
93082 56443 71519 1743 96223 19146 13207 10573 31598 40125 79458 80334 87984 22189 71030 31916 8825 45484 
7039 19
42126 27978 83474 67834 35573 91512 77076 42519 36815 77918 85555 72967 50114 76407 98041 70713 20064 71440 27899 
6367 19
18716 95063 68008 8507 41361 7512 89772 51554 12701 55679 74113 55688 4138 46085 59315 51998 4513 85339 53725 
5016 16
22775 88305 20560 18744 14204 84141 23219 94353 65166 99707 29307 11671 71818 84538 26797 50570 
7594 14
70307 10648 72978 18157 84674 75342 74153 85279 37384 66250 48297 89472 29280 68793 
5836 16
74107 93283 4677 47206 60268 21366 99548 69869 64724 59628 11646 16605 29682 78095 15179 29522 
3399 16
28034 35814 10465 40973 64165 82928 36676 31740 74295 35323 22569 37944 61191 48438 19469 76703 
4383 18
88191 37770 92898 51153 21265 40441 3660 64548 49762 14272 79012 11447 6329 93416 81907 56820 15791 12670 
3418 15
19757 92780 21134 78891 4314 8222 98243 39322 37794 12207 65342 67750 96870 28143 48325 
1516 20
89052 75545 28928 74133 21851 68551 6026 35392 65931 25096 54631 99725 88346 96431 25771 93938 86602 7187 38377 26779 
486 20
97830 74082 62384 4790 57487 16438 1886 70433 92872 21153 28477 17824 32434 92546 31791 80033 30785 35600 78122 77753 
2317 15
87402 65696 20878 10806 70890 82056 66434 85883 38890 41224 32673 15438 75328 60074 61382 
8328 18
9753 86907 3549 46690 17414 8882 76330 92596 74458 45149 45518 22131 70422 42852 63526 86436 1788 28629 
3109 10
93747 84480 70931 1094 5398 50905 52392 90908 89613 77712 
1037 18
59078 46511 89697 59650 91667 11076 97148 23309 43317 36246 90410 61415 67113 90382 86998 38137 17608 83452 
8186 10
66406 4106 20166 80745 54686 38853 75246 75208 45298 78862 
5427 14
92912 25335 48764 33340 78939 75811 16191 95337 60495 28677 70834 13678 96387 37203 
4914 11
51134 156 26633 72650 16410 98086 78860 65108 89836 64661 53581 
9643 13
89827 20495 46820 63647 9887 80901 7922 10389 74217 77608 41542 38126 52650 
2047 19
65400 85450 16253 81296 37522 16869 44463 31450 28650 75276 5708 80520 7932 19298 956 10296 75223 94556 29083 
3859 15
13583 40901 61686 53180 67860 84076 30049 22248 67990 50188 51337 90034 24656 76163 17275 
2214 18
59437 5449 6515 25274 36172 21223 45646 59288 9236 71149 37980 64376 69006 94368 88742 69665 75024 51556 
6433 10
10557 93327 5910 5961 39715 50867 95832 43014 96290 20039 
6536 13
91558 42673 39187 32258 35677 87480 13986 19140 66779 24902 63845 87706 98272 
427 11
97772 92463 44066 50193 40282 77837 75089 77656 99282 98000 43303 
9463 13
43157 71472 12448 42681 33674 30440 20179 77451 29093 5247 4551 69491 21219 
5465 12
96489 71758 98642 35703 32846 61574 7394 51954 78779 93477 15842 19351 
2467 14
27827 85154 70304 61611 55542 23946 5245 59639 79469 79900 85069 88573 31267 18572 
8174 17
61041 13926 52739 609 70808 17294 1372 77403 86736 96761 25361 70524 31207 28054 89563 16501 21511 
2470 12
1465 63724 55965 84926 1537 17111 41697 39710 41551 76510 56202 90674 
5050 17
99354 41597 35893 82370 87247 81078 34949 47576 74916 39820 34350 58581 36060 93662 6422 3928 7328 
9208 12
34691 23102 83127 60684 68199 91296 76851 39015 497 28476 99956 88985 
6197 11
25315 60903 442 6879 16441 25916 63095 25777 19843 16497 4942 
7254 13
52026 51035 57522 74818 28004 77930 31243 43247 63468 83177 41589 45426 93710 
8033 18
2919 55854 29245 99271 8024 44501 46948 38348 88568 64948 90525 41502 73056 26887 68909 85106 87991 86261 
3580 18
74033 43312 54485 26308 68291 12403 88651 29107 94672 93285 15914 58325 33000 22381 24670 7837 47553 84211 
6899 13
66671 51050 56318 10095 83721 85338 94621 95073 7382 85529 36977 14246 66595 
1500 15
14209 28932 42562 43054 65605 40574 91043 9293 82465 8147 68817 19342 14421 88956 75446 
9060 19
91847 85768 78524 82115 17460 75184 30539 49125 73534 58438 32288 28418 3631 51498 47744 15588 39421 2832 21954 
1565 17
21345 29635 60497 94823 71487 91398 34472 97056 85015 61342 32549 19907 72597 5130 96150 82383 52008 
1064 11
63948 25526 55237 30403 33307 58305 51195 43738 519 68709 3696 
5109 18
25417 25680 4675 4518 67949 17428 54197 76245 75684 67954 21327 9836 15093 76521 96380 81424 74113 27223 
7312 19
50617 44421 24747 94242 49967 62565 61924 12490 88202 28791 12197 47154 61897 39265 58254 33892 23031 27440 18369 
5830 19
23539 13259 72903 38494 66515 60649 78489 31295 6634 24291 78890 72095 72476 66499 69900 48468 88894 12702 19095 
3415 15
76940 74564 61919 15130 51104 11174 9039 55114 5836 68213 68404 56476 10811 57367 67042 
1963 20
53039 41118 41579 77314 36219 65636 47421 60410 22925 27447 21730 85379 41207 33341 41602 70641 95370 6107 61203 36653 
2365 12
88611 90331 34759 86580 97762 11106 92877 711 58568 59144 65862 82901 
440 20
22116 75875 97381 17196 65068 72845 14865 92904 22669 22051 90229 96386 81887 29751 51407 52208 52863 64025 88277 98786 
445 17
59344 90346 92413 64459 24482 27036 86612 24640 35349 14411 32384 36172 2014 55148 69678 18854 47090 
6717 20
18367 33661 2492 36096 14982 95454 74352 83653 41992 68371 26392 81339 32544 87993 18904 25539 40088 52310 28162 62589 
6470 17
52430 95501 50052 64147 52709 20950 18006 35795 1076 81962 97803 90831 1969 22269 97384 55265 28558 
6484 19
6410 66040 73073 22878 39787 70009 3922 64720 37335 91647 53319 50057 26862 5028 86189 2347 30527 87186 65804 
3331 13
65361 96228 37966 33693 69768 10894 22790 47058 34050 13829 87848 54908 82845 
604 13
53894 58896 29140 80612 46407 79703 32057 18628 76134 19444 76575 99172 16250 
4681 19
76932 13242 9211 5920 74041 8956 20058 72529 26436 50545 42506 25106 81294 55202 88926 74710 35887 36866 83177 
6143 10
85209 7701 24134 31317 92125 30869 9630 13865 80557 5386 
5831 15
93820 17638 81700 15833 76554 55356 76089 17174 44995 96040 25105 84279 40620 76735 53142 
559 13
36910 70353 87584 45994 3448 7190 84609 50412 9269 56575 19849 5788 47217 
9625 12
90557 80192 21114 42253 66867 98953 65021 26530 1025 27580 20165 88406 
1842 11
20617 27023 92422 81506 8019 24906 86868 40130 64327 50234 99442 
2515 10
50821 78082 62625 90178 54834 97474 28199 21342 69729 72239 
1176 14
91262 17553 92171 58895 35942 46632 84570 91541 38649 7382 57842 80163 85015 63336 
1139 12
46215 20382 63126 41635 33173 51672 13159 59678 1884 24234 19263 80578 
4490 18
58202 16060 71337 81386 62514 70238 83630 77937 73041 95526 49258 6041 19038 94608 39788 88257 44635 73008 
3941 17
22286 84220 35672 45541 85941 16478 67271 41179 83562 28017 82345 11777 80541 81858 68285 8724 41397 
2675 14
61797 82203 76632 928 17293 50380 87522 20321 38806 91568 6623 75092 27564 20859 
5451 10
24619 43091 96027 84604 84441 97843 11394 98744 66624 79931 
3473 15
34460 58628 74712 28388 97635 16736 29757 89557 2789 32208 56850 87775 23666 69252 95151 
548 15
4373 84013 52961 54149 87751 47559 71669 30740 32263 28077 95358 87470 74869 53466 1969 
5956 18
57377 61150 73217 33959 81811 92215 66314 1566 93419 7784 65480 62969 34372 18497 89882 51647 83263 23111 
1398 10
53546 71515 68616 71375 19404 99371 76576 75665 62751 103 
6739 10
78605 32314 54695 56487 50698 49017 32677 12013 60521 22177 
1661 20
31834 63329 24511 85544 148 54200 11558 99581 24792 52131 78657 38934 61243 41620 35534 88907 75322 86486 39745 51298 
237 13
67478 48154 31849 91842 88352 80910 82791 73477 7343 86725 95786 12804 62161 
8632 10
12150 56100 15455 80526 77491 4011 84600 57931 43668 14281 
283 16
89784 34533 53977 97229 66568 20758 17747 97389 37540 17523 48462 80348 41323 2751 42973 69277 
5030 20
8186 53718 66633 52071 82133 90423 57136 30735 36814 1763 36144 35724 10444 98456 44278 99897 42899 63887 19728 43874 
465 19
11588 22169 54490 1139 32334 30843 39961 4418 36875 666 82793 27856 48125 31246 5493 57715 43640 10458 43614 
1826 18
83330 21922 18765 26070 66497 38060 64048 17481 83776 79766 20399 21512 62632 5968 9471 90765 83483 55687 
8965 10
91862 16050 13636 9911 99886 20994 81920 7337 22790 3308 
9163 10
54751 18853 61298 17015 9077 1486 34883 35283 99903 57111 
3461 17
52546 64719 45251 86615 83545 63594 53146 75743 24671 80802 66513 58934 57471 80472 79482 78432 95085 
5475 12
99610 61387 19059 60277 45774 80711 50627 58240 78436 97530 93378 49320 
3022 19
38872 59416 25983 90683 3416 79857 14072 61920 30140 426 88733 6448 9564 78659 12561 6089 18402 73124 1628 
6370 20
33734 46583 32239 37690 18097 91160 93870 93433 427 88380 34253 94898 32566 84683 43840 40362 48312 60385 25601 3501 
6346 11
67514 84554 10844 53784 33365 30385 86457 31839 80243 39747 86061 
9350 16
21805 86116 13875 52026 85579 73293 12312 73452 6068 53856 71689 35891 97322 71105 43367 74829 
4246 18
79660 9858 4405 84822 23821 8708 66005 38259 21451 59780 53527 32000 44035 67222 42037 81796 75618 64689 
201 14
41939 45238 55418 16015 71506 36432 22782 97865 59402 10122 37292 43702 9003 71461 
3962 13
83948 57824 62747 25172 74529 80896 20353 84159 97899 65945 29084 20584 72827 
8255 12
49042 26522 94380 7886 2022 2880 35282 77426 52136 79527 98629 19779 
5175 13
34740 886 70139 29872 12890 62499 81030 31419 74994 51604 57263 6659 15654 
7144 14
37322 14823 49510 5314 18744 10946 33668 1796 15389 24640 5652 24144 31277 2316 
1481 18
74501 74128 57324 89739 23414 2528 69948 6691 42698 21795 33411 78483 18457 3516 18694 95592 80569 39013 
3921 17
45079 76490 43480 61771 43430 60181 15053 46074 1420 63852 14659 89556 89729 54401 86890 74507 85820 
7468 12
37412 6968 82111 71658 85876 33073 26244 44624 96293 13598 67830 68262 
1394 19
81438 2359 88850 66090 54932 11683 1096 31292 77041 94512 15424 62801 5295 39712 15018 15102 7515 24054 63950 
4933 20
20954 94648 92209 23748 14509 23819 26349 26933 8786 93439 17651 12876 39705 67725 20475 84850 79794 79686 38428 1839 
9193 12
57728 21708 53114 71885 1468 62307 73559 75042 29690 85506 66708 66783 
2941 18
4640 83131 84005 26702 48683 93261 39396 23637 74413 99409 33092 66681 88228 6628 87413 39976 60521 15166 
5712 11
79116 5529 38714 44794 77170 65409 23199 57198 26306 3449 32655 
5267 13
71531 75161 29287 92067 33916 96472 73352 73395 49017 83759 16034 41858 63954 
5282 15
80965 89398 1157 24977 29560 32451 53797 10608 17716 8636 38026 39097 88941 26361 96763 
1924 12
96748 84775 83603 14053 97887 25447 43103 27490 21520 51494 18224 93873 
576 12
96841 27135 58222 39389 35371 61498 16664 30843 22253 35571 68442 47697 
6153 18
42225 66858 99823 74845 26120 66107 84343 16235 69519 3584 75433 51064 72700 21525 60960 29233 9862 66969 
9671 11
32937 12328 55891 76265 77785 78821 68750 18246 90304 92380 27758 
8657 10
413 14330 68039 54973 63005 34330 47553 2549 4513 31294 
4472 12
77229 22 68847 35070 11639 24982 96709 6311 91501 44076 74212 13360 
5895 18
24176 26288 48597 59011 11231 70738 98518 39803 32811 85487 10235 76260 9376 23350 93298 46911 18396 41462 
9250 14
44363 22362 85035 81473 64333 91350 56990 26902 40283 47229 50572 401 36413 13243 
5340 13
13309 79681 77868 32801 44919 36370 20765 99852 24410 11811 39074 82085 32426 
3190 11
77446 44637 87931 69330 22820 89532 58233 92758 34229 81909 66225 
9836 20
92220 84746 85288 78858 65991 32683 72558 64956 46523 15151 10156 79991 37094 34747 93608 86374 54368 49563 32046 63244 
1630 10
4576 36035 44063 30501 74771 82512 14764 84827 85785 20363 
8309 11
30968 98974 32245 57734 79288 42085 38327 66856 46184 70486 87002 
3080 15
69934 78611 81404 3671 20809 87054 6733 31796 64673 17256 74341 31977 40481 54164 1883 
9850 11
40658 38706 92769 94545 48557 37533 51073 47762 334 49905 85252 
553 13
41198 24031 4588 85293 11263 99737 94079 92964 68602 17475 47859 86338 14976 
6830 12
72561 14016 32399 54113 71662 85319 32837 30528 7267 41918 25155 64853 
3234 14
68210 83097 23146 78255 93421 33830 63563 16414 56990 33474 7000 22305 82700 36246 
270 12
33876 97247 97589 83779 89072 20521 75116 95657 68709 99707 53802 73124 
5640 12
9164 72413 61560 23579 22465 99638 32475 32527 466 63281 20267 60344 
1900 18
84127 2202 92978 79683 78736 39581 23406 95164 63098 85919 44343 16673 50534 71537 74098 37072 5857 8321 
6291 14
31284 40227 11669 83867 76614 39249 8733 43146 41526 25589 86420 61369 74083 52924 
6931 18
4312 68001 48385 41818 57961 87390 85003 90877 18835 93251 42516 65683 60052 27447 67252 93763 73187 23377 
4160 11
97979 55481 49384 87595 82157 45332 57938 2923 97538 33134 52496 
2743 12
26435 89395 8141 36887 5732 5936 21263 57184 31334 23235 27303 61905 
1778 14
8363 18335 44766 18685 51003 57572 37771 71627 14180 97633 98875 7926 68698 51298 
3162 17
7200 44136 56030 57718 94050 36009 90027 38786 45853 15787 48889 37771 40323 26920 50177 92112 46635 
4030 11
79414 77577 40679 29839 82056 86330 16822 91076 79646 75412 56908 
6537 10
47626 33790 16189 89357 17495 31147 49660 34347 93851 62561 
8410 14
36434 8778 43529 7464 14333 41204 57785 19851 8529 14717 97218 9937 59705 20924 
6057 10
23430 16604 92341 98002 72172 30803 82939 58911 67348 63838 
7755 11
33371 55723 8084 41405 54764 19806 64581 60014 36466 8982 10059 
6179 15
28605 21339 45439 23087 30428 3457 9572 86007 24006 40613 63008 52398 70967 9863 42006 
3199 13
50556 30461 31616 68187 55105 52228 88395 2875 39943 34905 98845 47618 11593 
3740 19
16097 96736 27039 63558 89604 58495 46351 66815 77835 40681 58097 54151 37086 68795 81339 28429 70126 74579 70845 
8563 15
75952 52295 43239 35700 63806 49851 94874 34045 55323 67599 75383 74839 94453 57728 48599 
620 17
33339 11351 90128 75530 52399 30153 53525 31142 51771 86290 69387 76139 63067 10717 27378 51858 17004 
6752 10
79282 79713 10413 4730 75042 2912 9358 30365 39855 1898 
2960 16
55584 87793 34976 86783 57689 43250 81236 12111 45342 45574 73536 63754 36144 51282 50442 93223 
2816 15
10524 14992 45160 73720 22929 55708 1099 98923 28229 81484 89651 43990 38634 89434 48063 
3997 15
17696 58924 95705 51323 19091 77846 96706 59100 91338 61833 5721 80548 27923 52007 6561 
4830 18
90407 19407 2082 65869 43359 44469 90737 297 52179 50014 57205 12587 38252 47652 16188 9797 60012 31810 
3987 14
1696 9082 74591 95453 22648 67400 75163 10272 86824 84063 83090 70107 43217 78045 
3970 14
1978 2949 88203 84154 58686 55053 55513 32750 90280 80384 74394 81727 37441 3427 
8417 14
34207 5554 15806 54051 95160 48496 59672 90421 52090 52851 69505 29388 91406 84194 
825 18
62630 44047 72211 16387 9758 96894 35649 78064 69306 19761 20058 49609 37375 83695 32974 63729 72176 88894 
840 17
7307 4366 40919 49731 31436 56240 32726 80058 15538 13123 27925 80803 24554 11608 36179 93694 12625 
4273 12
50238 13573 19273 67891 7493 67823 73157 75342 9899 42295 55802 25865 
8933 17
89813 72257 15618 83958 13688 28327 88991 80083 55138 24853 13356 12602 56987 51725 81761 96832 7347 
6529 11
76650 89299 30945 99057 86200 77669 40731 18104 82118 58745 18120 
4676 13
19836 11921 48092 59718 12589 32880 52489 90023 58308 50741 52453 44846 51827 
6992 13
41507 36392 11808 78207 19916 76198 18627 93173 19422 57291 65452 22059 38949 
4696 11
12829 99763 83870 34933 54663 22119 77041 71248 51178 88240 13021 
